{"timestamp":"2026-01-28T07:58:06.903086Z","level":"info","event":"DAG bundles loaded: dags-folder, example_dags","logger":"airflow.dag_processing.bundles.manager.DagBundlesManager","filename":"manager.py","lineno":179}
{"timestamp":"2026-01-28T07:58:06.903572Z","level":"info","event":"Filling up the DagBag from /opt/airflow/dags/daily_job_scraper.py","logger":"airflow.models.dagbag.DagBag","filename":"dagbag.py","lineno":593}
{"timestamp":"2026-01-28T07:58:07.161091Z","level":"warning","event":"The `airflow.operators.python.PythonOperator` attribute is deprecated. Please use `'airflow.providers.standard.operators.python.PythonOperator'`.","category":"DeprecatedImportWarning","filename":"/opt/airflow/dags/daily_job_scraper.py","lineno":2,"logger":"py.warnings"}
{"timestamp":"2026-01-28T07:58:07.168889Z","level":"info","event":"Task instance is in running state","logger":"task.stdout"}
{"timestamp":"2026-01-28T07:58:07.169016Z","level":"info","event":" Previous state of the Task instance: TaskInstanceState.QUEUED","logger":"task.stdout"}
{"timestamp":"2026-01-28T07:58:07.169121Z","level":"info","event":"Current task name:sync_embeddings","logger":"task.stdout"}
{"timestamp":"2026-01-28T07:58:07.169197Z","level":"info","event":"Dag name:daily_job_scraper","logger":"task.stdout"}
{"timestamp":"2026-01-28T07:58:07.186729Z","level":"info","event":"Anonymized telemetry enabled. See                     https://docs.trychroma.com/telemetry for more information.","logger":"chromadb.telemetry.product.posthog","filename":"posthog.py","lineno":22}
{"timestamp":"2026-01-28T07:58:07.234171Z","level":"info","event":"✅ EmbeddingService ready","logger":"task.stdout"}
{"timestamp":"2026-01-28T07:58:07.234373Z","level":"info","event":"Found 2 jobs to embed","logger":"task.stdout"}
{"timestamp":"2026-01-28T07:58:58.914104Z","level":"info","event":"add job successfully","logger":"task.stdout"}
{"timestamp":"2026-01-28T07:59:03.265282Z","level":"info","event":"add job successfully","logger":"task.stdout"}
{"timestamp":"2026-01-28T07:59:03.278943Z","level":"info","event":"","logger":"task.stdout"}
{"timestamp":"2026-01-28T07:59:03.279084Z","level":"info","event":"============================================================","logger":"task.stdout"}
{"timestamp":"2026-01-28T07:59:03.279143Z","level":"info","event":"Sync Complete!","logger":"task.stdout"}
{"timestamp":"2026-01-28T07:59:03.279201Z","level":"info","event":"============================================================","logger":"task.stdout"}
{"timestamp":"2026-01-28T07:59:03.279262Z","level":"info","event":"✅ Success: 2/2","logger":"task.stdout"}
{"timestamp":"2026-01-28T07:59:03.279315Z","level":"info","event":"❌ Failed: 0/2","logger":"task.stdout"}
{"timestamp":"2026-01-28T07:59:03.279368Z","level":"info","event":"","logger":"task.stdout"}
{"timestamp":"2026-01-28T07:59:03.279440Z","level":"info","event":"📊 Database Status:","logger":"task.stdout"}
{"timestamp":"2026-01-28T07:59:03.279536Z","level":"info","event":"   SQLite total: 99","logger":"task.stdout"}
{"timestamp":"2026-01-28T07:59:03.279634Z","level":"info","event":"   With embeddings: 2","logger":"task.stdout"}
{"timestamp":"2026-01-28T07:59:03.279764Z","level":"info","event":"   Pending: 97","logger":"task.stdout"}
{"timestamp":"2026-01-28T07:59:03.279860Z","level":"info","event":"   ChromaDB total: 2","logger":"task.stdout"}
{"timestamp":"2026-01-28T07:59:03.276455Z","level":"info","event":"Done. Returned value was: None","logger":"airflow.task.operators.airflow.providers.standard.operators.python.PythonOperator","filename":"python.py","lineno":216}
{"timestamp":"2026-01-28T07:59:03.295727Z","level":"info","event":"Task instance in success state","logger":"task.stdout"}
{"timestamp":"2026-01-28T07:59:03.295920Z","level":"info","event":" Previous state of the Task instance: TaskInstanceState.RUNNING","logger":"task.stdout"}
{"timestamp":"2026-01-28T07:59:03.297013Z","level":"info","event":"Task operator:<Task(PythonOperator): sync_embeddings>","logger":"task.stdout"}
