{"timestamp":"2026-01-28T07:59:03.994213Z","level":"info","event":"DAG bundles loaded: dags-folder, example_dags","logger":"airflow.dag_processing.bundles.manager.DagBundlesManager","filename":"manager.py","lineno":179}
{"timestamp":"2026-01-28T07:59:03.994537Z","level":"info","event":"Filling up the DagBag from /opt/airflow/dags/daily_job_scraper.py","logger":"airflow.models.dagbag.DagBag","filename":"dagbag.py","lineno":593}
{"timestamp":"2026-01-28T07:59:04.247455Z","level":"warning","event":"The `airflow.operators.python.PythonOperator` attribute is deprecated. Please use `'airflow.providers.standard.operators.python.PythonOperator'`.","category":"DeprecatedImportWarning","filename":"/opt/airflow/dags/daily_job_scraper.py","lineno":2,"logger":"py.warnings"}
{"timestamp":"2026-01-28T07:59:04.256295Z","level":"info","event":"Task instance is in running state","logger":"task.stdout"}
{"timestamp":"2026-01-28T07:59:04.256404Z","level":"info","event":" Previous state of the Task instance: TaskInstanceState.QUEUED","logger":"task.stdout"}
{"timestamp":"2026-01-28T07:59:04.256488Z","level":"info","event":"Current task name:summary","logger":"task.stdout"}
{"timestamp":"2026-01-28T07:59:04.256548Z","level":"info","event":"Dag name:daily_job_scraper","logger":"task.stdout"}
{"timestamp":"2026-01-28T07:59:04.258511Z","level":"info","event":"","logger":"task.stdout"}
{"timestamp":"2026-01-28T07:59:04.259009Z","level":"info","event":"    ====================================","logger":"task.stdout"}
{"timestamp":"2026-01-28T07:59:04.259058Z","level":"info","event":"    JobPulse Daily Run Summary","logger":"task.stdout"}
{"timestamp":"2026-01-28T07:59:04.259091Z","level":"info","event":"    ====================================","logger":"task.stdout"}
{"timestamp":"2026-01-28T07:59:04.259121Z","level":"info","event":"    Database Status:","logger":"task.stdout"}
{"timestamp":"2026-01-28T07:59:04.259149Z","level":"info","event":"       Total Jobs: 0","logger":"task.stdout"}
{"timestamp":"2026-01-28T07:59:04.259177Z","level":"info","event":"       With Embeddings: 0","logger":"task.stdout"}
{"timestamp":"2026-01-28T07:59:04.259205Z","level":"info","event":"       Pending: 0","logger":"task.stdout"}
{"timestamp":"2026-01-28T07:59:04.259232Z","level":"info","event":"","logger":"task.stdout"}
{"timestamp":"2026-01-28T07:59:04.258707Z","level":"info","event":"Done. Returned value was: \n    ====================================\n    JobPulse Daily Run Summary\n    ====================================\n    Database Status:\n       Total Jobs: 0\n       With Embeddings: 0\n       Pending: 0\n    ","logger":"airflow.task.operators.airflow.providers.standard.operators.python.PythonOperator","filename":"python.py","lineno":216}
{"timestamp":"2026-01-28T07:59:04.258808Z","level":"info","event":"Pushing xcom","ti":"RuntimeTaskInstance(id=UUID('019c039b-d165-77ac-b722-8010a58e8944'), task_id='summary', dag_id='daily_job_scraper', run_id='scheduled__2026-01-28T02:00:00+00:00', try_number=1, dag_version_id=UUID('019c039b-c90a-767d-b093-39b305da3a33'), map_index=-1, hostname='fc6294cec41b', context_carrier={}, task=<Task(PythonOperator): summary>, bundle_instance=LocalDagBundle(name=dags-folder), max_tries=2, start_date=datetime.datetime(2026, 1, 28, 7, 59, 3, 777848, tzinfo=datetime.timezone.utc), end_date=None, state=<TaskInstanceState.RUNNING: 'running'>, is_mapped=False, rendered_map_index=None)","logger":"task","filename":"task_runner.py","lineno":1450}
{"timestamp":"2026-01-28T07:59:04.268954Z","level":"info","event":"Task instance in success state","logger":"task.stdout"}
{"timestamp":"2026-01-28T07:59:04.271923Z","level":"info","event":" Previous state of the Task instance: TaskInstanceState.RUNNING","logger":"task.stdout"}
{"timestamp":"2026-01-28T07:59:04.272002Z","level":"info","event":"Task operator:<Task(PythonOperator): summary>","logger":"task.stdout"}
