{"timestamp":"2026-01-27T07:45:26.155879Z","level":"info","event":"DAG bundles loaded: dags-folder, example_dags","logger":"airflow.dag_processing.bundles.manager.DagBundlesManager","filename":"manager.py","lineno":179}
{"timestamp":"2026-01-27T07:45:26.159532Z","level":"info","event":"Filling up the DagBag from /opt/airflow/dags/daily_job_scraper.py","logger":"airflow.models.dagbag.DagBag","filename":"dagbag.py","lineno":593}
{"timestamp":"2026-01-27T07:45:26.175547Z","level":"warning","event":"The `airflow.operators.python.PythonOperator` attribute is deprecated. Please use `'airflow.providers.standard.operators.python.PythonOperator'`.","category":"DeprecatedImportWarning","filename":"/opt/airflow/dags/daily_job_scraper.py","lineno":2,"logger":"py.warnings"}
{"timestamp":"2026-01-27T07:45:26.194428Z","level":"info","event":"Task instance is in running state","logger":"task.stdout"}
{"timestamp":"2026-01-27T07:45:26.197064Z","level":"info","event":" Previous state of the Task instance: TaskInstanceState.QUEUED","logger":"task.stdout"}
{"timestamp":"2026-01-27T07:45:26.197183Z","level":"info","event":"Current task name:scrape_remoteOK","logger":"task.stdout"}
{"timestamp":"2026-01-27T07:45:26.197271Z","level":"info","event":"Dag name:daily_job_scraper","logger":"task.stdout"}
{"timestamp":"2026-01-27T07:45:26.197373Z","level":"info","event":"Starting RemoteOK scrape...","logger":"task.stdout"}
{"timestamp":"2026-01-27T07:45:28.653108Z","level":"info","event":"Fetched 99 raw jobs from RemoteOK","logger":"task.stdout"}
{"timestamp":"2026-01-27T07:45:28.657131Z","level":"info","event":"Error processing job: 2 validation errors for Job","logger":"task.stdout"}
{"timestamp":"2026-01-27T07:45:28.657501Z","level":"info","event":"description","logger":"task.stdout"}
{"timestamp":"2026-01-27T07:45:28.657629Z","level":"info","event":"  String should have at least 10 characters [type=string_too_short, input_value='', input_type=str]","logger":"task.stdout"}
{"timestamp":"2026-01-27T07:45:28.657664Z","level":"info","event":"    For further information visit https://errors.pydantic.dev/2.12/v/string_too_short","logger":"task.stdout"}
{"timestamp":"2026-01-27T07:45:28.657694Z","level":"info","event":"url","logger":"task.stdout"}
{"timestamp":"2026-01-27T07:45:28.657723Z","level":"info","event":"  Input should be a valid URL, input is empty [type=url_parsing, input_value='', input_type=str]","logger":"task.stdout"}
{"timestamp":"2026-01-27T07:45:28.657755Z","level":"info","event":"    For further information visit https://errors.pydantic.dev/2.12/v/url_parsing","logger":"task.stdout"}
{"timestamp":"2026-01-27T07:45:28.668451Z","level":"info","event":"Successfully stored 98/99 RemoteOK jobs","logger":"task.stdout"}
{"timestamp":"2026-01-27T07:45:28.668660Z","level":"info","event":"Done. Returned value was: 98","logger":"airflow.task.operators.airflow.providers.standard.operators.python.PythonOperator","filename":"python.py","lineno":216}
{"timestamp":"2026-01-27T07:45:28.668843Z","level":"info","event":"Pushing xcom","ti":"RuntimeTaskInstance(id=UUID('019bfe69-eb12-7870-97a7-f0179b019d11'), task_id='scrape_remoteOK', dag_id='daily_job_scraper', run_id='scheduled__2026-01-27T02:00:00+00:00', try_number=1, dag_version_id=UUID('019bfe69-e159-7d80-8e2b-2e6f2809a118'), map_index=-1, hostname='51fb35a2c445', context_carrier={}, task=<Task(PythonOperator): scrape_remoteOK>, bundle_instance=LocalDagBundle(name=dags-folder), max_tries=2, start_date=datetime.datetime(2026, 1, 27, 7, 45, 24, 377975, tzinfo=datetime.timezone.utc), end_date=None, state=<TaskInstanceState.RUNNING: 'running'>, is_mapped=False, rendered_map_index=None)","logger":"task","filename":"task_runner.py","lineno":1450}
{"timestamp":"2026-01-27T07:45:28.688664Z","level":"info","event":"Task instance in success state","logger":"task.stdout"}
{"timestamp":"2026-01-27T07:45:28.692243Z","level":"info","event":" Previous state of the Task instance: TaskInstanceState.RUNNING","logger":"task.stdout"}
{"timestamp":"2026-01-27T07:45:28.692426Z","level":"info","event":"Task operator:<Task(PythonOperator): scrape_remoteOK>","logger":"task.stdout"}
