{"timestamp":"2026-01-28T17:43:36.339244Z","level":"info","event":"DAG bundles loaded: dags-folder","logger":"airflow.dag_processing.bundles.manager.DagBundlesManager","filename":"manager.py","lineno":179}
{"timestamp":"2026-01-28T17:43:36.339504Z","level":"info","event":"Filling up the DagBag from /opt/airflow/dags/daily_job_scraper.py","logger":"airflow.models.dagbag.DagBag","filename":"dagbag.py","lineno":593}
{"timestamp":"2026-01-28T17:43:36.556841Z","level":"warning","event":"The `airflow.operators.python.PythonOperator` attribute is deprecated. Please use `'airflow.providers.standard.operators.python.PythonOperator'`.","category":"DeprecatedImportWarning","filename":"/opt/airflow/dags/daily_job_scraper.py","lineno":2,"logger":"py.warnings"}
{"timestamp":"2026-01-28T17:43:36.628872Z","level":"info","event":"Anonymized telemetry enabled. See                     https://docs.trychroma.com/telemetry for more information.","logger":"chromadb.telemetry.product.posthog","filename":"posthog.py","lineno":22}
{"timestamp":"2026-01-28T17:43:36.674128Z","level":"info","event":"✅ EmbeddingService ready","logger":"task.stdout"}
{"timestamp":"2026-01-28T17:43:36.675027Z","level":"info","event":"Found 20 jobs to embed","logger":"task.stdout"}
{"timestamp":"2026-01-28T17:44:33.129695Z","level":"info","event":"add job successfully","logger":"task.stdout"}
{"timestamp":"2026-01-28T17:45:30.330374Z","level":"info","event":"add job successfully","logger":"task.stdout"}
{"timestamp":"2026-01-28T17:45:30.732988Z","level":"info","event":"add job successfully","logger":"task.stdout"}
{"timestamp":"2026-01-28T17:46:16.438757Z","level":"info","event":"add job successfully","logger":"task.stdout"}
{"timestamp":"2026-01-28T17:46:16.880210Z","level":"info","event":"add job successfully","logger":"task.stdout"}
{"timestamp":"2026-01-28T17:46:16.881046Z","level":"info","event":"Processed 5/20 jobs...","logger":"task.stdout"}
{"timestamp":"2026-01-28T17:46:21.362928Z","level":"info","event":"add job successfully","logger":"task.stdout"}
{"timestamp":"2026-01-28T17:47:32.169809Z","level":"info","event":"add job successfully","logger":"task.stdout"}
{"timestamp":"2026-01-28T17:48:11.246556Z","level":"info","event":"add job successfully","logger":"task.stdout"}
{"timestamp":"2026-01-28T17:48:11.679327Z","level":"info","event":"add job successfully","logger":"task.stdout"}
{"timestamp":"2026-01-28T17:48:12.074103Z","level":"info","event":"add job successfully","logger":"task.stdout"}
{"timestamp":"2026-01-28T17:48:12.075510Z","level":"info","event":"Processed 10/20 jobs...","logger":"task.stdout"}
{"timestamp":"2026-01-28T17:48:41.829984Z","level":"info","event":"add job successfully","logger":"task.stdout"}
{"timestamp":"2026-01-28T17:48:42.417753Z","level":"info","event":"add job successfully","logger":"task.stdout"}
{"timestamp":"2026-01-28T17:48:42.795508Z","level":"info","event":"add job successfully","logger":"task.stdout"}
{"timestamp":"2026-01-28T17:49:17.841895Z","level":"info","event":"add job successfully","logger":"task.stdout"}
{"timestamp":"2026-01-28T17:49:18.233416Z","level":"info","event":"add job successfully","logger":"task.stdout"}
{"timestamp":"2026-01-28T17:49:18.241501Z","level":"info","event":"Processed 15/20 jobs...","logger":"task.stdout"}
{"timestamp":"2026-01-28T17:49:18.708503Z","level":"info","event":"add job successfully","logger":"task.stdout"}
{"timestamp":"2026-01-28T17:49:44.525275Z","level":"info","event":"add job successfully","logger":"task.stdout"}
{"timestamp":"2026-01-28T17:50:14.818858Z","level":"info","event":"add job successfully","logger":"task.stdout"}
{"timestamp":"2026-01-28T17:50:33.785598Z","level":"info","event":"add job successfully","logger":"task.stdout"}
{"timestamp":"2026-01-28T17:50:56.527903Z","level":"info","event":"add job successfully","logger":"task.stdout"}
{"timestamp":"2026-01-28T17:50:56.530169Z","level":"info","event":"Processed 20/20 jobs...","logger":"task.stdout"}
{"timestamp":"2026-01-28T17:50:56.530415Z","level":"info","event":"","logger":"task.stdout"}
{"timestamp":"2026-01-28T17:50:56.530504Z","level":"info","event":"============================================================","logger":"task.stdout"}
{"timestamp":"2026-01-28T17:50:56.530596Z","level":"info","event":"Sync Complete!","logger":"task.stdout"}
{"timestamp":"2026-01-28T17:50:56.530898Z","level":"info","event":"============================================================","logger":"task.stdout"}
{"timestamp":"2026-01-28T17:50:56.530984Z","level":"info","event":"✅ Success: 20/20","logger":"task.stdout"}
{"timestamp":"2026-01-28T17:50:56.531133Z","level":"info","event":"❌ Failed: 0/20","logger":"task.stdout"}
{"timestamp":"2026-01-28T17:50:56.534094Z","level":"error","event":"Task failed with exception","logger":"task","filename":"task_runner.py","lineno":1078,"error_detail":[{"exc_type":"AttributeError","exc_value":"'VectorDatabase' object has no attribute 'vector_store'","exc_notes":[],"syntax_error":null,"is_cause":false,"frames":[{"filename":"/home/airflow/.local/lib/python3.12/site-packages/airflow/sdk/execution_time/task_runner.py","lineno":1004,"name":"run"},{"filename":"/home/airflow/.local/lib/python3.12/site-packages/airflow/sdk/execution_time/task_runner.py","lineno":1405,"name":"_execute_task"},{"filename":"/home/airflow/.local/lib/python3.12/site-packages/airflow/sdk/bases/operator.py","lineno":417,"name":"wrapper"},{"filename":"/home/airflow/.local/lib/python3.12/site-packages/airflow/providers/standard/operators/python.py","lineno":214,"name":"execute"},{"filename":"/home/airflow/.local/lib/python3.12/site-packages/airflow/providers/standard/operators/python.py","lineno":237,"name":"execute_callable"},{"filename":"/home/airflow/.local/lib/python3.12/site-packages/airflow/sdk/execution_time/callback_runner.py","lineno":82,"name":"run"},{"filename":"/opt/airflow/dags/daily_job_scraper.py","lineno":63,"name":"sync_embedding"},{"filename":"/opt/airflow/dags/include/embedding_service.py","lineno":43,"name":"sync_embeddings"},{"filename":"/opt/airflow/dags/include/vector_db.py","lineno":74,"name":"get_stats"}],"is_group":false,"exceptions":[]}]}
