{"timestamp":"2026-01-28T18:02:27.389567Z","level":"info","event":"DAG bundles loaded: dags-folder","logger":"airflow.dag_processing.bundles.manager.DagBundlesManager","filename":"manager.py","lineno":179}
{"timestamp":"2026-01-28T18:02:27.389889Z","level":"info","event":"Filling up the DagBag from /opt/airflow/dags/daily_job_scraper.py","logger":"airflow.models.dagbag.DagBag","filename":"dagbag.py","lineno":593}
{"timestamp":"2026-01-28T18:02:27.625612Z","level":"warning","event":"The `airflow.operators.python.PythonOperator` attribute is deprecated. Please use `'airflow.providers.standard.operators.python.PythonOperator'`.","category":"DeprecatedImportWarning","filename":"/opt/airflow/dags/daily_job_scraper.py","lineno":2,"logger":"py.warnings"}
{"timestamp":"2026-01-28T18:02:27.700959Z","level":"info","event":"Anonymized telemetry enabled. See                     https://docs.trychroma.com/telemetry for more information.","logger":"chromadb.telemetry.product.posthog","filename":"posthog.py","lineno":22}
{"timestamp":"2026-01-28T18:02:27.737354Z","level":"info","event":"✅ EmbeddingService ready","logger":"task.stdout"}
{"timestamp":"2026-01-28T18:02:27.738558Z","level":"info","event":"Found 20 jobs to embed","logger":"task.stdout"}
{"timestamp":"2026-01-28T18:03:57.925218Z","level":"info","event":"add job successfully","logger":"task.stdout"}
{"timestamp":"2026-01-28T18:03:58.373964Z","level":"info","event":"add job successfully","logger":"task.stdout"}
{"timestamp":"2026-01-28T18:04:03.057138Z","level":"info","event":"add job successfully","logger":"task.stdout"}
{"timestamp":"2026-01-28T18:04:03.586086Z","level":"info","event":"add job successfully","logger":"task.stdout"}
{"timestamp":"2026-01-28T18:04:03.978729Z","level":"info","event":"add job successfully","logger":"task.stdout"}
{"timestamp":"2026-01-28T18:04:03.980222Z","level":"info","event":"Processed 5/20 jobs...","logger":"task.stdout"}
{"timestamp":"2026-01-28T18:04:04.479309Z","level":"info","event":"add job successfully","logger":"task.stdout"}
{"timestamp":"2026-01-28T18:04:04.885028Z","level":"info","event":"add job successfully","logger":"task.stdout"}
{"timestamp":"2026-01-28T18:04:05.290862Z","level":"info","event":"add job successfully","logger":"task.stdout"}
{"timestamp":"2026-01-28T18:04:05.673282Z","level":"info","event":"add job successfully","logger":"task.stdout"}
{"timestamp":"2026-01-28T18:04:06.112742Z","level":"info","event":"add job successfully","logger":"task.stdout"}
{"timestamp":"2026-01-28T18:04:06.114479Z","level":"info","event":"Processed 10/20 jobs...","logger":"task.stdout"}
{"timestamp":"2026-01-28T18:05:15.290153Z","level":"info","event":"add job successfully","logger":"task.stdout"}
{"timestamp":"2026-01-28T18:05:15.740404Z","level":"info","event":"add job successfully","logger":"task.stdout"}
{"timestamp":"2026-01-28T18:05:16.148309Z","level":"info","event":"add job successfully","logger":"task.stdout"}
{"timestamp":"2026-01-28T18:05:16.542987Z","level":"info","event":"add job successfully","logger":"task.stdout"}
{"timestamp":"2026-01-28T18:05:44.324526Z","level":"info","event":"add job successfully","logger":"task.stdout"}
{"timestamp":"2026-01-28T18:05:44.326066Z","level":"info","event":"Processed 15/20 jobs...","logger":"task.stdout"}
{"timestamp":"2026-01-28T18:05:47.956775Z","level":"info","event":"add job successfully","logger":"task.stdout"}
{"timestamp":"2026-01-28T18:05:48.363407Z","level":"info","event":"add job successfully","logger":"task.stdout"}
{"timestamp":"2026-01-28T18:05:48.729749Z","level":"info","event":"add job successfully","logger":"task.stdout"}
{"timestamp":"2026-01-28T18:05:49.140458Z","level":"info","event":"add job successfully","logger":"task.stdout"}
{"timestamp":"2026-01-28T18:06:05.509942Z","level":"info","event":"add job successfully","logger":"task.stdout"}
{"timestamp":"2026-01-28T18:06:05.511052Z","level":"info","event":"Processed 20/20 jobs...","logger":"task.stdout"}
{"timestamp":"2026-01-28T18:06:05.511197Z","level":"info","event":"","logger":"task.stdout"}
{"timestamp":"2026-01-28T18:06:05.511264Z","level":"info","event":"============================================================","logger":"task.stdout"}
{"timestamp":"2026-01-28T18:06:05.511318Z","level":"info","event":"Sync Complete!","logger":"task.stdout"}
{"timestamp":"2026-01-28T18:06:05.511463Z","level":"info","event":"============================================================","logger":"task.stdout"}
{"timestamp":"2026-01-28T18:06:05.511507Z","level":"info","event":"✅ Success: 20/20","logger":"task.stdout"}
{"timestamp":"2026-01-28T18:06:05.511719Z","level":"info","event":"❌ Failed: 0/20","logger":"task.stdout"}
{"timestamp":"2026-01-28T18:06:05.512175Z","level":"error","event":"Task failed with exception","logger":"task","filename":"task_runner.py","lineno":1078,"error_detail":[{"exc_type":"AttributeError","exc_value":"'VectorDatabase' object has no attribute 'vector_store'","exc_notes":[],"syntax_error":null,"is_cause":false,"frames":[{"filename":"/home/airflow/.local/lib/python3.12/site-packages/airflow/sdk/execution_time/task_runner.py","lineno":1004,"name":"run"},{"filename":"/home/airflow/.local/lib/python3.12/site-packages/airflow/sdk/execution_time/task_runner.py","lineno":1405,"name":"_execute_task"},{"filename":"/home/airflow/.local/lib/python3.12/site-packages/airflow/sdk/bases/operator.py","lineno":417,"name":"wrapper"},{"filename":"/home/airflow/.local/lib/python3.12/site-packages/airflow/providers/standard/operators/python.py","lineno":214,"name":"execute"},{"filename":"/home/airflow/.local/lib/python3.12/site-packages/airflow/providers/standard/operators/python.py","lineno":237,"name":"execute_callable"},{"filename":"/home/airflow/.local/lib/python3.12/site-packages/airflow/sdk/execution_time/callback_runner.py","lineno":82,"name":"run"},{"filename":"/opt/airflow/dags/daily_job_scraper.py","lineno":63,"name":"sync_embedding"},{"filename":"/opt/airflow/dags/include/embedding_service.py","lineno":43,"name":"sync_embeddings"},{"filename":"/opt/airflow/dags/include/vector_db.py","lineno":74,"name":"get_stats"}],"is_group":false,"exceptions":[]}]}
