{"timestamp":"2026-01-28T17:55:57.035732Z","level":"info","event":"DAG bundles loaded: dags-folder","logger":"airflow.dag_processing.bundles.manager.DagBundlesManager","filename":"manager.py","lineno":179}
{"timestamp":"2026-01-28T17:55:57.036087Z","level":"info","event":"Filling up the DagBag from /opt/airflow/dags/daily_job_scraper.py","logger":"airflow.models.dagbag.DagBag","filename":"dagbag.py","lineno":593}
{"timestamp":"2026-01-28T17:55:57.264045Z","level":"warning","event":"The `airflow.operators.python.PythonOperator` attribute is deprecated. Please use `'airflow.providers.standard.operators.python.PythonOperator'`.","category":"DeprecatedImportWarning","filename":"/opt/airflow/dags/daily_job_scraper.py","lineno":2,"logger":"py.warnings"}
{"timestamp":"2026-01-28T17:55:57.339910Z","level":"info","event":"Anonymized telemetry enabled. See                     https://docs.trychroma.com/telemetry for more information.","logger":"chromadb.telemetry.product.posthog","filename":"posthog.py","lineno":22}
{"timestamp":"2026-01-28T17:55:57.378292Z","level":"info","event":"✅ EmbeddingService ready","logger":"task.stdout"}
{"timestamp":"2026-01-28T17:55:57.379191Z","level":"info","event":"Found 20 jobs to embed","logger":"task.stdout"}
{"timestamp":"2026-01-28T17:56:17.337049Z","level":"info","event":"add job successfully","logger":"task.stdout"}
{"timestamp":"2026-01-28T17:56:44.461783Z","level":"info","event":"add job successfully","logger":"task.stdout"}
{"timestamp":"2026-01-28T17:56:44.875181Z","level":"info","event":"add job successfully","logger":"task.stdout"}
{"timestamp":"2026-01-28T17:56:45.280145Z","level":"info","event":"add job successfully","logger":"task.stdout"}
{"timestamp":"2026-01-28T17:56:45.680607Z","level":"info","event":"add job successfully","logger":"task.stdout"}
{"timestamp":"2026-01-28T17:56:45.682368Z","level":"info","event":"Processed 5/20 jobs...","logger":"task.stdout"}
{"timestamp":"2026-01-28T17:56:46.067085Z","level":"info","event":"add job successfully","logger":"task.stdout"}
{"timestamp":"2026-01-28T17:57:14.256059Z","level":"info","event":"add job successfully","logger":"task.stdout"}
{"timestamp":"2026-01-28T17:57:14.676234Z","level":"info","event":"add job successfully","logger":"task.stdout"}
{"timestamp":"2026-01-28T17:57:15.059090Z","level":"info","event":"add job successfully","logger":"task.stdout"}
{"timestamp":"2026-01-28T17:57:15.454467Z","level":"info","event":"add job successfully","logger":"task.stdout"}
{"timestamp":"2026-01-28T17:57:15.456433Z","level":"info","event":"Processed 10/20 jobs...","logger":"task.stdout"}
{"timestamp":"2026-01-28T17:57:15.849720Z","level":"info","event":"add job successfully","logger":"task.stdout"}
{"timestamp":"2026-01-28T17:57:16.299148Z","level":"info","event":"add job successfully","logger":"task.stdout"}
{"timestamp":"2026-01-28T17:57:16.682575Z","level":"info","event":"add job successfully","logger":"task.stdout"}
{"timestamp":"2026-01-28T17:57:22.426141Z","level":"info","event":"add job successfully","logger":"task.stdout"}
{"timestamp":"2026-01-28T17:57:23.178931Z","level":"info","event":"add job successfully","logger":"task.stdout"}
{"timestamp":"2026-01-28T17:57:23.180593Z","level":"info","event":"Processed 15/20 jobs...","logger":"task.stdout"}
{"timestamp":"2026-01-28T17:57:23.893973Z","level":"info","event":"add job successfully","logger":"task.stdout"}
{"timestamp":"2026-01-28T17:57:24.811889Z","level":"info","event":"add job successfully","logger":"task.stdout"}
{"timestamp":"2026-01-28T17:57:25.532430Z","level":"info","event":"add job successfully","logger":"task.stdout"}
{"timestamp":"2026-01-28T17:57:26.063704Z","level":"info","event":"add job successfully","logger":"task.stdout"}
{"timestamp":"2026-01-28T17:57:26.663854Z","level":"info","event":"add job successfully","logger":"task.stdout"}
{"timestamp":"2026-01-28T17:57:26.665797Z","level":"info","event":"Processed 20/20 jobs...","logger":"task.stdout"}
{"timestamp":"2026-01-28T17:57:26.665913Z","level":"info","event":"","logger":"task.stdout"}
{"timestamp":"2026-01-28T17:57:26.666108Z","level":"info","event":"============================================================","logger":"task.stdout"}
{"timestamp":"2026-01-28T17:57:26.666181Z","level":"info","event":"Sync Complete!","logger":"task.stdout"}
{"timestamp":"2026-01-28T17:57:26.666454Z","level":"info","event":"============================================================","logger":"task.stdout"}
{"timestamp":"2026-01-28T17:57:26.666515Z","level":"info","event":"✅ Success: 20/20","logger":"task.stdout"}
{"timestamp":"2026-01-28T17:57:26.667330Z","level":"info","event":"❌ Failed: 0/20","logger":"task.stdout"}
{"timestamp":"2026-01-28T17:57:26.666852Z","level":"error","event":"Task failed with exception","logger":"task","filename":"task_runner.py","lineno":1078,"error_detail":[{"exc_type":"AttributeError","exc_value":"'VectorDatabase' object has no attribute 'vector_store'","exc_notes":[],"syntax_error":null,"is_cause":false,"frames":[{"filename":"/home/airflow/.local/lib/python3.12/site-packages/airflow/sdk/execution_time/task_runner.py","lineno":1004,"name":"run"},{"filename":"/home/airflow/.local/lib/python3.12/site-packages/airflow/sdk/execution_time/task_runner.py","lineno":1405,"name":"_execute_task"},{"filename":"/home/airflow/.local/lib/python3.12/site-packages/airflow/sdk/bases/operator.py","lineno":417,"name":"wrapper"},{"filename":"/home/airflow/.local/lib/python3.12/site-packages/airflow/providers/standard/operators/python.py","lineno":214,"name":"execute"},{"filename":"/home/airflow/.local/lib/python3.12/site-packages/airflow/providers/standard/operators/python.py","lineno":237,"name":"execute_callable"},{"filename":"/home/airflow/.local/lib/python3.12/site-packages/airflow/sdk/execution_time/callback_runner.py","lineno":82,"name":"run"},{"filename":"/opt/airflow/dags/daily_job_scraper.py","lineno":63,"name":"sync_embedding"},{"filename":"/opt/airflow/dags/include/embedding_service.py","lineno":43,"name":"sync_embeddings"},{"filename":"/opt/airflow/dags/include/vector_db.py","lineno":74,"name":"get_stats"}],"is_group":false,"exceptions":[]}]}
