{"timestamp":"2026-01-28T17:33:53.121575Z","level":"info","event":"DAG bundles loaded: dags-folder","logger":"airflow.dag_processing.bundles.manager.DagBundlesManager","filename":"manager.py","lineno":179}
{"timestamp":"2026-01-28T17:33:53.121847Z","level":"info","event":"Filling up the DagBag from /opt/airflow/dags/daily_job_scraper.py","logger":"airflow.models.dagbag.DagBag","filename":"dagbag.py","lineno":593}
{"timestamp":"2026-01-28T17:33:53.475205Z","level":"warning","event":"The `airflow.operators.python.PythonOperator` attribute is deprecated. Please use `'airflow.providers.standard.operators.python.PythonOperator'`.","category":"DeprecatedImportWarning","filename":"/opt/airflow/dags/daily_job_scraper.py","lineno":2,"logger":"py.warnings"}
{"timestamp":"2026-01-28T17:33:53.570464Z","level":"info","event":"Anonymized telemetry enabled. See                     https://docs.trychroma.com/telemetry for more information.","logger":"chromadb.telemetry.product.posthog","filename":"posthog.py","lineno":22}
{"timestamp":"2026-01-28T17:33:53.606487Z","level":"info","event":"✅ EmbeddingService ready","logger":"task.stdout"}
{"timestamp":"2026-01-28T17:33:53.606747Z","level":"info","event":"Found 20 jobs to embed","logger":"task.stdout"}
{"timestamp":"2026-01-28T17:33:58.779474Z","level":"info","event":"add job successfully","logger":"task.stdout"}
{"timestamp":"2026-01-28T17:34:17.998284Z","level":"info","event":"add job successfully","logger":"task.stdout"}
{"timestamp":"2026-01-28T17:34:22.414920Z","level":"info","event":"add job successfully","logger":"task.stdout"}
{"timestamp":"2026-01-28T17:34:22.814625Z","level":"info","event":"add job successfully","logger":"task.stdout"}
{"timestamp":"2026-01-28T17:34:40.163166Z","level":"info","event":"add job successfully","logger":"task.stdout"}
{"timestamp":"2026-01-28T17:34:40.166780Z","level":"info","event":"Processed 5/20 jobs...","logger":"task.stdout"}
{"timestamp":"2026-01-28T17:34:53.530213Z","level":"info","event":"add job successfully","logger":"task.stdout"}
{"timestamp":"2026-01-28T17:34:53.930991Z","level":"info","event":"add job successfully","logger":"task.stdout"}
{"timestamp":"2026-01-28T17:35:06.774473Z","level":"info","event":"add job successfully","logger":"task.stdout"}
{"timestamp":"2026-01-28T17:35:18.414317Z","level":"info","event":"add job successfully","logger":"task.stdout"}
{"timestamp":"2026-01-28T17:35:29.995886Z","level":"info","event":"add job successfully","logger":"task.stdout"}
{"timestamp":"2026-01-28T17:35:29.998673Z","level":"info","event":"Processed 10/20 jobs...","logger":"task.stdout"}
{"timestamp":"2026-01-28T17:35:30.498219Z","level":"info","event":"add job successfully","logger":"task.stdout"}
{"timestamp":"2026-01-28T17:35:44.880745Z","level":"info","event":"add job successfully","logger":"task.stdout"}
{"timestamp":"2026-01-28T17:35:57.574417Z","level":"info","event":"add job successfully","logger":"task.stdout"}
{"timestamp":"2026-01-28T17:36:01.871159Z","level":"info","event":"add job successfully","logger":"task.stdout"}
{"timestamp":"2026-01-28T17:36:02.349513Z","level":"info","event":"add job successfully","logger":"task.stdout"}
{"timestamp":"2026-01-28T17:36:02.351565Z","level":"info","event":"Processed 15/20 jobs...","logger":"task.stdout"}
{"timestamp":"2026-01-28T17:36:14.943940Z","level":"info","event":"add job successfully","logger":"task.stdout"}
{"timestamp":"2026-01-28T17:36:26.821098Z","level":"info","event":"add job successfully","logger":"task.stdout"}
{"timestamp":"2026-01-28T17:36:38.923039Z","level":"info","event":"add job successfully","logger":"task.stdout"}
{"timestamp":"2026-01-28T17:36:39.309317Z","level":"info","event":"add job successfully","logger":"task.stdout"}
{"timestamp":"2026-01-28T17:36:50.970502Z","level":"info","event":"add job successfully","logger":"task.stdout"}
{"timestamp":"2026-01-28T17:36:50.972113Z","level":"info","event":"Processed 20/20 jobs...","logger":"task.stdout"}
{"timestamp":"2026-01-28T17:36:50.972210Z","level":"info","event":"","logger":"task.stdout"}
{"timestamp":"2026-01-28T17:36:50.972274Z","level":"info","event":"============================================================","logger":"task.stdout"}
{"timestamp":"2026-01-28T17:36:50.972457Z","level":"info","event":"Sync Complete!","logger":"task.stdout"}
{"timestamp":"2026-01-28T17:36:50.972506Z","level":"info","event":"============================================================","logger":"task.stdout"}
{"timestamp":"2026-01-28T17:36:50.972736Z","level":"info","event":"✅ Success: 20/20","logger":"task.stdout"}
{"timestamp":"2026-01-28T17:36:50.972794Z","level":"info","event":"❌ Failed: 0/20","logger":"task.stdout"}
{"timestamp":"2026-01-28T17:36:50.973760Z","level":"error","event":"Task failed with exception","logger":"task","filename":"task_runner.py","lineno":1078,"error_detail":[{"exc_type":"AttributeError","exc_value":"'VectorDatabase' object has no attribute 'vector_store'","exc_notes":[],"syntax_error":null,"is_cause":false,"frames":[{"filename":"/home/airflow/.local/lib/python3.12/site-packages/airflow/sdk/execution_time/task_runner.py","lineno":1004,"name":"run"},{"filename":"/home/airflow/.local/lib/python3.12/site-packages/airflow/sdk/execution_time/task_runner.py","lineno":1405,"name":"_execute_task"},{"filename":"/home/airflow/.local/lib/python3.12/site-packages/airflow/sdk/bases/operator.py","lineno":417,"name":"wrapper"},{"filename":"/home/airflow/.local/lib/python3.12/site-packages/airflow/providers/standard/operators/python.py","lineno":214,"name":"execute"},{"filename":"/home/airflow/.local/lib/python3.12/site-packages/airflow/providers/standard/operators/python.py","lineno":237,"name":"execute_callable"},{"filename":"/home/airflow/.local/lib/python3.12/site-packages/airflow/sdk/execution_time/callback_runner.py","lineno":82,"name":"run"},{"filename":"/opt/airflow/dags/daily_job_scraper.py","lineno":63,"name":"sync_embedding"},{"filename":"/opt/airflow/dags/include/embedding_service.py","lineno":43,"name":"sync_embeddings"},{"filename":"/opt/airflow/dags/include/vector_db.py","lineno":74,"name":"get_stats"}],"is_group":false,"exceptions":[]}]}
