{"timestamp":"2026-01-28T17:28:51.599634Z","level":"info","event":"DAG bundles loaded: dags-folder","logger":"airflow.dag_processing.bundles.manager.DagBundlesManager","filename":"manager.py","lineno":179}
{"timestamp":"2026-01-28T17:28:51.599861Z","level":"info","event":"Filling up the DagBag from /opt/airflow/dags/daily_job_scraper.py","logger":"airflow.models.dagbag.DagBag","filename":"dagbag.py","lineno":593}
{"timestamp":"2026-01-28T17:28:51.817504Z","level":"warning","event":"The `airflow.operators.python.PythonOperator` attribute is deprecated. Please use `'airflow.providers.standard.operators.python.PythonOperator'`.","category":"DeprecatedImportWarning","filename":"/opt/airflow/dags/daily_job_scraper.py","lineno":2,"logger":"py.warnings"}
{"timestamp":"2026-01-28T17:28:51.911838Z","level":"info","event":"Anonymized telemetry enabled. See                     https://docs.trychroma.com/telemetry for more information.","logger":"chromadb.telemetry.product.posthog","filename":"posthog.py","lineno":22}
{"timestamp":"2026-01-28T17:28:51.950275Z","level":"info","event":"✅ EmbeddingService ready","logger":"task.stdout"}
{"timestamp":"2026-01-28T17:28:51.950639Z","level":"info","event":"Found 20 jobs to embed","logger":"task.stdout"}
{"timestamp":"2026-01-28T17:28:51.950717Z","level":"info","event":"Error adding job cc76a870b0461ab9f581fb79e84d08644f4b542186f7357d078873862bba7663: 'VectorDatabase' object has no attribute 'vector_store'","logger":"task.stdout"}
{"timestamp":"2026-01-28T17:28:51.950777Z","level":"info","event":"Error adding job 4a27e2317473209bd50d8ccd93b8de2a327f84149aa25dd3b2fd0621b57b6bad: 'VectorDatabase' object has no attribute 'vector_store'","logger":"task.stdout"}
{"timestamp":"2026-01-28T17:28:51.950836Z","level":"info","event":"Error adding job 0c90494f3049dbf6a6295957ac78498dc975a41d5ed9d99bbffb25e9562ec702: 'VectorDatabase' object has no attribute 'vector_store'","logger":"task.stdout"}
{"timestamp":"2026-01-28T17:28:51.950877Z","level":"info","event":"Error adding job eeac9c7e2d1e883263ca5871687c74e4db4f776845a2e8747d015d105d2e0648: 'VectorDatabase' object has no attribute 'vector_store'","logger":"task.stdout"}
{"timestamp":"2026-01-28T17:28:51.950916Z","level":"info","event":"Error adding job 7cf4e6e2f5639a5124aac1268fe387e66d88dbed16c9593c42df9d82dfa7034e: 'VectorDatabase' object has no attribute 'vector_store'","logger":"task.stdout"}
{"timestamp":"2026-01-28T17:28:51.950952Z","level":"info","event":"Error adding job 346df3fc14b55acca3d31cb9eab1450452d324899430a3ae7f70bb51867b6607: 'VectorDatabase' object has no attribute 'vector_store'","logger":"task.stdout"}
{"timestamp":"2026-01-28T17:28:51.950989Z","level":"info","event":"Error adding job 910a75462f1e142f22ea42f2da45a9c6cec4588fd99ea33a6c85b39eee1b4a85: 'VectorDatabase' object has no attribute 'vector_store'","logger":"task.stdout"}
{"timestamp":"2026-01-28T17:28:51.951024Z","level":"info","event":"Error adding job c0fbdad09610b50a98a5ebc82faf8241e291bea171f09f1e8aa041cc39dd8d4c: 'VectorDatabase' object has no attribute 'vector_store'","logger":"task.stdout"}
{"timestamp":"2026-01-28T17:28:51.951096Z","level":"info","event":"Error adding job 6718dff30b7a4a40c82f1c333cc005f937ca4575c33f2e1235cee9cea863d2af: 'VectorDatabase' object has no attribute 'vector_store'","logger":"task.stdout"}
{"timestamp":"2026-01-28T17:28:51.951147Z","level":"info","event":"Error adding job 0dc615191031a7bd10c600306ef3621bb4d4a1cbae5cc0186024fe988e9857bd: 'VectorDatabase' object has no attribute 'vector_store'","logger":"task.stdout"}
{"timestamp":"2026-01-28T17:28:51.951194Z","level":"info","event":"Error adding job 5d5844c0b721c0dcd9ca4ce9003a55fac66bd455f1e891aaeb6b757f7f0d76ef: 'VectorDatabase' object has no attribute 'vector_store'","logger":"task.stdout"}
{"timestamp":"2026-01-28T17:28:51.951233Z","level":"info","event":"Error adding job 0c681beb877c7707febf830ae267b9a8d2358e96e5defbfaff750a11db9503b4: 'VectorDatabase' object has no attribute 'vector_store'","logger":"task.stdout"}
{"timestamp":"2026-01-28T17:28:51.951271Z","level":"info","event":"Error adding job 1a9004654167dd5fdd7aeed65c111cefa398e36bab5e0eee0d192061391fbc12: 'VectorDatabase' object has no attribute 'vector_store'","logger":"task.stdout"}
{"timestamp":"2026-01-28T17:28:51.951345Z","level":"info","event":"Error adding job 24e473810f7ec082c9bc89af995f0b07e81c47228d02f95342cd5a9d6c0fa90a: 'VectorDatabase' object has no attribute 'vector_store'","logger":"task.stdout"}
{"timestamp":"2026-01-28T17:28:51.951386Z","level":"info","event":"Error adding job 59eb4b6b3f338bb4d1a28e0a7822f3b9bfdada2bf46e66023ff07377890fad37: 'VectorDatabase' object has no attribute 'vector_store'","logger":"task.stdout"}
{"timestamp":"2026-01-28T17:28:51.951420Z","level":"info","event":"Error adding job 1150054bc5dd95bad034fb203c0196f5dda4469f555a41f2722d78e48593a56c: 'VectorDatabase' object has no attribute 'vector_store'","logger":"task.stdout"}
{"timestamp":"2026-01-28T17:28:51.951467Z","level":"info","event":"Error adding job 8aa2a00538986fe6f8ec2d473dbfde3a3b89bde4e1cff5dfaef55ef1a7d94470: 'VectorDatabase' object has no attribute 'vector_store'","logger":"task.stdout"}
{"timestamp":"2026-01-28T17:28:51.951503Z","level":"info","event":"Error adding job 19a3e08ca13c05891efecc7a00092f9b7dafdbfb0432cf1163fc83cc6e45f0d7: 'VectorDatabase' object has no attribute 'vector_store'","logger":"task.stdout"}
{"timestamp":"2026-01-28T17:28:51.951538Z","level":"info","event":"Error adding job 1f8ded0ee0c1090349914c94843b50077ddf554157cfec440146eb69fdd1de3b: 'VectorDatabase' object has no attribute 'vector_store'","logger":"task.stdout"}
{"timestamp":"2026-01-28T17:28:51.951571Z","level":"info","event":"Error adding job 1956d96c0bfa31d2f8465737491705a3c0008b13bc2bbd2fd6050cf849fa91d3: 'VectorDatabase' object has no attribute 'vector_store'","logger":"task.stdout"}
{"timestamp":"2026-01-28T17:28:51.951604Z","level":"info","event":"","logger":"task.stdout"}
{"timestamp":"2026-01-28T17:28:51.951638Z","level":"info","event":"============================================================","logger":"task.stdout"}
{"timestamp":"2026-01-28T17:28:51.951670Z","level":"info","event":"Sync Complete!","logger":"task.stdout"}
{"timestamp":"2026-01-28T17:28:51.951703Z","level":"info","event":"============================================================","logger":"task.stdout"}
{"timestamp":"2026-01-28T17:28:51.951736Z","level":"info","event":"✅ Success: 0/20","logger":"task.stdout"}
{"timestamp":"2026-01-28T17:28:51.951770Z","level":"info","event":"❌ Failed: 20/20","logger":"task.stdout"}
{"timestamp":"2026-01-28T17:28:51.951270Z","level":"error","event":"Task failed with exception","logger":"task","filename":"task_runner.py","lineno":1078,"error_detail":[{"exc_type":"AttributeError","exc_value":"'VectorDatabase' object has no attribute 'vector_store'","exc_notes":[],"syntax_error":null,"is_cause":false,"frames":[{"filename":"/home/airflow/.local/lib/python3.12/site-packages/airflow/sdk/execution_time/task_runner.py","lineno":1004,"name":"run"},{"filename":"/home/airflow/.local/lib/python3.12/site-packages/airflow/sdk/execution_time/task_runner.py","lineno":1405,"name":"_execute_task"},{"filename":"/home/airflow/.local/lib/python3.12/site-packages/airflow/sdk/bases/operator.py","lineno":417,"name":"wrapper"},{"filename":"/home/airflow/.local/lib/python3.12/site-packages/airflow/providers/standard/operators/python.py","lineno":214,"name":"execute"},{"filename":"/home/airflow/.local/lib/python3.12/site-packages/airflow/providers/standard/operators/python.py","lineno":237,"name":"execute_callable"},{"filename":"/home/airflow/.local/lib/python3.12/site-packages/airflow/sdk/execution_time/callback_runner.py","lineno":82,"name":"run"},{"filename":"/opt/airflow/dags/daily_job_scraper.py","lineno":63,"name":"sync_embedding"},{"filename":"/opt/airflow/dags/include/embedding_service.py","lineno":43,"name":"sync_embeddings"},{"filename":"/opt/airflow/dags/include/vector_db.py","lineno":74,"name":"get_stats"}],"is_group":false,"exceptions":[]}]}
