{"timestamp":"2026-01-28T17:41:51.965449Z","level":"info","event":"DAG bundles loaded: dags-folder","logger":"airflow.dag_processing.bundles.manager.DagBundlesManager","filename":"manager.py","lineno":179}
{"timestamp":"2026-01-28T17:41:51.965751Z","level":"info","event":"Filling up the DagBag from /opt/airflow/dags/daily_job_scraper.py","logger":"airflow.models.dagbag.DagBag","filename":"dagbag.py","lineno":593}
{"timestamp":"2026-01-28T17:41:52.183055Z","level":"warning","event":"The `airflow.operators.python.PythonOperator` attribute is deprecated. Please use `'airflow.providers.standard.operators.python.PythonOperator'`.","category":"DeprecatedImportWarning","filename":"/opt/airflow/dags/daily_job_scraper.py","lineno":2,"logger":"py.warnings"}
{"timestamp":"2026-01-28T17:41:52.249692Z","level":"info","event":"Anonymized telemetry enabled. See                     https://docs.trychroma.com/telemetry for more information.","logger":"chromadb.telemetry.product.posthog","filename":"posthog.py","lineno":22}
{"timestamp":"2026-01-28T17:41:52.282421Z","level":"info","event":"✅ EmbeddingService ready","logger":"task.stdout"}
{"timestamp":"2026-01-28T17:41:52.282880Z","level":"info","event":"Found 20 jobs to embed","logger":"task.stdout"}
{"timestamp":"2026-01-28T17:42:07.924839Z","level":"info","event":"add job successfully","logger":"task.stdout"}
{"timestamp":"2026-01-28T17:42:32.276064Z","level":"info","event":"add job successfully","logger":"task.stdout"}
{"timestamp":"2026-01-28T17:42:51.756588Z","level":"info","event":"add job successfully","logger":"task.stdout"}
{"timestamp":"2026-01-28T17:43:09.968406Z","level":"info","event":"add job successfully","logger":"task.stdout"}
{"timestamp":"2026-01-28T17:43:36.837913Z","level":"info","event":"add job successfully","logger":"task.stdout"}
{"timestamp":"2026-01-28T17:43:36.839361Z","level":"info","event":"Processed 5/20 jobs...","logger":"task.stdout"}
{"timestamp":"2026-01-28T17:44:18.594539Z","level":"info","event":"add job successfully","logger":"task.stdout"}
{"timestamp":"2026-01-28T17:45:13.978934Z","level":"info","event":"add job successfully","logger":"task.stdout"}
{"timestamp":"2026-01-28T17:45:14.382370Z","level":"info","event":"add job successfully","logger":"task.stdout"}
{"timestamp":"2026-01-28T17:45:14.762975Z","level":"info","event":"add job successfully","logger":"task.stdout"}
{"timestamp":"2026-01-28T17:45:15.170534Z","level":"info","event":"add job successfully","logger":"task.stdout"}
{"timestamp":"2026-01-28T17:45:15.172764Z","level":"info","event":"Processed 10/20 jobs...","logger":"task.stdout"}
{"timestamp":"2026-01-28T17:45:15.574265Z","level":"info","event":"add job successfully","logger":"task.stdout"}
{"timestamp":"2026-01-28T17:46:01.713384Z","level":"info","event":"add job successfully","logger":"task.stdout"}
{"timestamp":"2026-01-28T17:46:45.586618Z","level":"info","event":"add job successfully","logger":"task.stdout"}
{"timestamp":"2026-01-28T17:46:45.976080Z","level":"info","event":"add job successfully","logger":"task.stdout"}
{"timestamp":"2026-01-28T17:46:46.448448Z","level":"info","event":"add job successfully","logger":"task.stdout"}
{"timestamp":"2026-01-28T17:46:46.450242Z","level":"info","event":"Processed 15/20 jobs...","logger":"task.stdout"}
{"timestamp":"2026-01-28T17:47:57.141449Z","level":"info","event":"add job successfully","logger":"task.stdout"}
{"timestamp":"2026-01-28T17:48:01.219241Z","level":"info","event":"add job successfully","logger":"task.stdout"}
{"timestamp":"2026-01-28T17:48:05.358967Z","level":"info","event":"add job successfully","logger":"task.stdout"}
{"timestamp":"2026-01-28T17:48:05.808644Z","level":"info","event":"add job successfully","logger":"task.stdout"}
{"timestamp":"2026-01-28T17:48:06.300742Z","level":"info","event":"add job successfully","logger":"task.stdout"}
{"timestamp":"2026-01-28T17:48:06.302205Z","level":"info","event":"Processed 20/20 jobs...","logger":"task.stdout"}
{"timestamp":"2026-01-28T17:48:06.302291Z","level":"info","event":"","logger":"task.stdout"}
{"timestamp":"2026-01-28T17:48:06.302371Z","level":"info","event":"============================================================","logger":"task.stdout"}
{"timestamp":"2026-01-28T17:48:06.302476Z","level":"info","event":"Sync Complete!","logger":"task.stdout"}
{"timestamp":"2026-01-28T17:48:06.302567Z","level":"info","event":"============================================================","logger":"task.stdout"}
{"timestamp":"2026-01-28T17:48:06.302646Z","level":"info","event":"✅ Success: 20/20","logger":"task.stdout"}
{"timestamp":"2026-01-28T17:48:06.302711Z","level":"info","event":"❌ Failed: 0/20","logger":"task.stdout"}
{"timestamp":"2026-01-28T17:48:06.303619Z","level":"error","event":"Task failed with exception","logger":"task","filename":"task_runner.py","lineno":1078,"error_detail":[{"exc_type":"AttributeError","exc_value":"'VectorDatabase' object has no attribute 'vector_store'","exc_notes":[],"syntax_error":null,"is_cause":false,"frames":[{"filename":"/home/airflow/.local/lib/python3.12/site-packages/airflow/sdk/execution_time/task_runner.py","lineno":1004,"name":"run"},{"filename":"/home/airflow/.local/lib/python3.12/site-packages/airflow/sdk/execution_time/task_runner.py","lineno":1405,"name":"_execute_task"},{"filename":"/home/airflow/.local/lib/python3.12/site-packages/airflow/sdk/bases/operator.py","lineno":417,"name":"wrapper"},{"filename":"/home/airflow/.local/lib/python3.12/site-packages/airflow/providers/standard/operators/python.py","lineno":214,"name":"execute"},{"filename":"/home/airflow/.local/lib/python3.12/site-packages/airflow/providers/standard/operators/python.py","lineno":237,"name":"execute_callable"},{"filename":"/home/airflow/.local/lib/python3.12/site-packages/airflow/sdk/execution_time/callback_runner.py","lineno":82,"name":"run"},{"filename":"/opt/airflow/dags/daily_job_scraper.py","lineno":63,"name":"sync_embedding"},{"filename":"/opt/airflow/dags/include/embedding_service.py","lineno":43,"name":"sync_embeddings"},{"filename":"/opt/airflow/dags/include/vector_db.py","lineno":74,"name":"get_stats"}],"is_group":false,"exceptions":[]}]}
