{"timestamp":"2026-01-29T07:32:06.357069Z","level":"info","event":"DAG bundles loaded: dags-folder","logger":"airflow.dag_processing.bundles.manager.DagBundlesManager","filename":"manager.py","lineno":179}
{"timestamp":"2026-01-29T07:32:06.357378Z","level":"info","event":"Filling up the DagBag from /opt/airflow/dags/daily_job_scraper.py","logger":"airflow.models.dagbag.DagBag","filename":"dagbag.py","lineno":593}
{"timestamp":"2026-01-29T07:32:06.600758Z","level":"warning","event":"The `airflow.operators.python.PythonOperator` attribute is deprecated. Please use `'airflow.providers.standard.operators.python.PythonOperator'`.","category":"DeprecatedImportWarning","filename":"/opt/airflow/dags/daily_job_scraper.py","lineno":2,"logger":"py.warnings"}
{"timestamp":"2026-01-29T07:32:06.674531Z","level":"info","event":"Anonymized telemetry enabled. See                     https://docs.trychroma.com/telemetry for more information.","logger":"chromadb.telemetry.product.posthog","filename":"posthog.py","lineno":22}
{"timestamp":"2026-01-29T07:32:06.720209Z","level":"info","event":"✅ EmbeddingService ready","logger":"task.stdout"}
{"timestamp":"2026-01-29T07:32:06.720728Z","level":"info","event":"Found 20 jobs to embed","logger":"task.stdout"}
{"timestamp":"2026-01-29T07:32:19.369922Z","level":"info","event":"add job successfully","logger":"task.stdout"}
{"timestamp":"2026-01-29T07:32:25.962968Z","level":"info","event":"add job successfully","logger":"task.stdout"}
{"timestamp":"2026-01-29T07:32:34.151564Z","level":"info","event":"add job successfully","logger":"task.stdout"}
{"timestamp":"2026-01-29T07:32:40.974641Z","level":"info","event":"add job successfully","logger":"task.stdout"}
{"timestamp":"2026-01-29T07:32:49.189311Z","level":"info","event":"add job successfully","logger":"task.stdout"}
{"timestamp":"2026-01-29T07:32:49.192299Z","level":"info","event":"Processed 5/20 jobs...","logger":"task.stdout"}
{"timestamp":"2026-01-29T07:32:56.375235Z","level":"info","event":"add job successfully","logger":"task.stdout"}
{"timestamp":"2026-01-29T07:33:03.441250Z","level":"info","event":"add job successfully","logger":"task.stdout"}
{"timestamp":"2026-01-29T07:33:10.079327Z","level":"info","event":"add job successfully","logger":"task.stdout"}
{"timestamp":"2026-01-29T07:33:16.228433Z","level":"info","event":"add job successfully","logger":"task.stdout"}
{"timestamp":"2026-01-29T07:33:28.935478Z","level":"info","event":"add job successfully","logger":"task.stdout"}
{"timestamp":"2026-01-29T07:33:28.937594Z","level":"info","event":"Processed 10/20 jobs...","logger":"task.stdout"}
{"timestamp":"2026-01-29T07:33:38.155985Z","level":"info","event":"add job successfully","logger":"task.stdout"}
{"timestamp":"2026-01-29T07:33:50.878805Z","level":"info","event":"add job successfully","logger":"task.stdout"}
{"timestamp":"2026-01-29T07:33:59.087453Z","level":"info","event":"add job successfully","logger":"task.stdout"}
{"timestamp":"2026-01-29T07:34:03.209195Z","level":"info","event":"add job successfully","logger":"task.stdout"}
{"timestamp":"2026-01-29T07:34:11.613522Z","level":"info","event":"add job successfully","logger":"task.stdout"}
{"timestamp":"2026-01-29T07:34:11.615288Z","level":"info","event":"Processed 15/20 jobs...","logger":"task.stdout"}
{"timestamp":"2026-01-29T07:34:26.808131Z","level":"info","event":"add job successfully","logger":"task.stdout"}
{"timestamp":"2026-01-29T07:34:27.210881Z","level":"info","event":"add job successfully","logger":"task.stdout"}
{"timestamp":"2026-01-29T07:34:27.609345Z","level":"info","event":"add job successfully","logger":"task.stdout"}
{"timestamp":"2026-01-29T07:34:36.959925Z","level":"info","event":"add job successfully","logger":"task.stdout"}
{"timestamp":"2026-01-29T07:34:43.277879Z","level":"info","event":"add job successfully","logger":"task.stdout"}
{"timestamp":"2026-01-29T07:34:43.279320Z","level":"info","event":"Processed 20/20 jobs...","logger":"task.stdout"}
{"timestamp":"2026-01-29T07:34:43.279435Z","level":"info","event":"","logger":"task.stdout"}
{"timestamp":"2026-01-29T07:34:43.279494Z","level":"info","event":"============================================================","logger":"task.stdout"}
{"timestamp":"2026-01-29T07:34:43.279567Z","level":"info","event":"Sync Complete!","logger":"task.stdout"}
{"timestamp":"2026-01-29T07:34:43.279629Z","level":"info","event":"============================================================","logger":"task.stdout"}
{"timestamp":"2026-01-29T07:34:43.279757Z","level":"info","event":"✅ Success: 20/20","logger":"task.stdout"}
{"timestamp":"2026-01-29T07:34:43.279846Z","level":"info","event":"❌ Failed: 0/20","logger":"task.stdout"}
{"timestamp":"2026-01-29T07:34:43.289935Z","level":"info","event":"","logger":"task.stdout"}
{"timestamp":"2026-01-29T07:34:43.290112Z","level":"info","event":"📊 Database Status:","logger":"task.stdout"}
{"timestamp":"2026-01-29T07:34:43.290173Z","level":"info","event":"   SQLite total: 100","logger":"task.stdout"}
{"timestamp":"2026-01-29T07:34:43.290219Z","level":"info","event":"   With embeddings: 20","logger":"task.stdout"}
{"timestamp":"2026-01-29T07:34:43.290389Z","level":"info","event":"   Pending: 80","logger":"task.stdout"}
{"timestamp":"2026-01-29T07:34:43.290601Z","level":"info","event":"   ChromaDB total: 143","logger":"task.stdout"}
{"timestamp":"2026-01-29T07:34:43.300545Z","level":"info","event":"Done. Returned value was: None","logger":"airflow.task.operators.airflow.providers.standard.operators.python.PythonOperator","filename":"python.py","lineno":216}
