{"timestamp":"2026-01-25T12:09:06.432151Z","level":"info","event":"DAG bundles loaded: dags-folder, example_dags","logger":"airflow.dag_processing.bundles.manager.DagBundlesManager","filename":"manager.py","lineno":179}
{"timestamp":"2026-01-25T12:09:06.432387Z","level":"info","event":"Filling up the DagBag from /opt/airflow/dags/daily_job_scraper.py","logger":"airflow.models.dagbag.DagBag","filename":"dagbag.py","lineno":593}
{"timestamp":"2026-01-25T12:09:06.447360Z","level":"warning","event":"The `airflow.operators.python.PythonOperator` attribute is deprecated. Please use `'airflow.providers.standard.operators.python.PythonOperator'`.","category":"DeprecatedImportWarning","filename":"/opt/airflow/dags/daily_job_scraper.py","lineno":2,"logger":"py.warnings"}
{"timestamp":"2026-01-25T12:09:06.462194Z","level":"info","event":"Task instance is in running state","logger":"task.stdout"}
{"timestamp":"2026-01-25T12:09:06.462290Z","level":"info","event":" Previous state of the Task instance: TaskInstanceState.QUEUED","logger":"task.stdout"}
{"timestamp":"2026-01-25T12:09:06.462335Z","level":"info","event":"Current task name:scrape_remoteOK","logger":"task.stdout"}
{"timestamp":"2026-01-25T12:09:06.462368Z","level":"info","event":"Dag name:daily_job_scraper","logger":"task.stdout"}
{"timestamp":"2026-01-25T12:09:06.463111Z","level":"info","event":"Starting RemoteOK scrape...","logger":"task.stdout"}
{"timestamp":"2026-01-25T12:09:53.759280Z","level":"info","event":"Fetched 99 raw jobs from RemoteOK","logger":"task.stdout"}
{"timestamp":"2026-01-25T12:09:53.760242Z","level":"info","event":"Error processing job: 2 validation errors for Job","logger":"task.stdout"}
{"timestamp":"2026-01-25T12:09:53.760773Z","level":"info","event":"description","logger":"task.stdout"}
{"timestamp":"2026-01-25T12:09:53.760996Z","level":"info","event":"  String should have at least 10 characters [type=string_too_short, input_value='', input_type=str]","logger":"task.stdout"}
{"timestamp":"2026-01-25T12:09:53.761271Z","level":"info","event":"    For further information visit https://errors.pydantic.dev/2.12/v/string_too_short","logger":"task.stdout"}
{"timestamp":"2026-01-25T12:09:53.761407Z","level":"info","event":"url","logger":"task.stdout"}
{"timestamp":"2026-01-25T12:09:53.761638Z","level":"info","event":"  Input should be a valid URL, input is empty [type=url_parsing, input_value='', input_type=str]","logger":"task.stdout"}
{"timestamp":"2026-01-25T12:09:53.761781Z","level":"info","event":"    For further information visit https://errors.pydantic.dev/2.12/v/url_parsing","logger":"task.stdout"}
{"timestamp":"2026-01-25T12:09:53.875075Z","level":"info","event":"Error processing job: UNIQUE constraint failed: jobs.id","logger":"task.stdout"}
{"timestamp":"2026-01-25T12:09:53.876522Z","level":"info","event":"Error processing job: UNIQUE constraint failed: jobs.id","logger":"task.stdout"}
{"timestamp":"2026-01-25T12:09:53.876596Z","level":"info","event":"Error processing job: UNIQUE constraint failed: jobs.id","logger":"task.stdout"}
{"timestamp":"2026-01-25T12:09:53.876638Z","level":"info","event":"Error processing job: UNIQUE constraint failed: jobs.id","logger":"task.stdout"}
{"timestamp":"2026-01-25T12:09:53.876698Z","level":"info","event":"Error processing job: UNIQUE constraint failed: jobs.id","logger":"task.stdout"}
{"timestamp":"2026-01-25T12:09:53.876756Z","level":"info","event":"Error processing job: UNIQUE constraint failed: jobs.id","logger":"task.stdout"}
{"timestamp":"2026-01-25T12:09:53.876805Z","level":"info","event":"Error processing job: UNIQUE constraint failed: jobs.id","logger":"task.stdout"}
{"timestamp":"2026-01-25T12:09:53.876841Z","level":"info","event":"Error processing job: UNIQUE constraint failed: jobs.id","logger":"task.stdout"}
{"timestamp":"2026-01-25T12:09:53.876875Z","level":"info","event":"Error processing job: UNIQUE constraint failed: jobs.id","logger":"task.stdout"}
{"timestamp":"2026-01-25T12:09:53.876906Z","level":"info","event":"Error processing job: UNIQUE constraint failed: jobs.id","logger":"task.stdout"}
{"timestamp":"2026-01-25T12:09:53.877003Z","level":"info","event":"Error processing job: UNIQUE constraint failed: jobs.id","logger":"task.stdout"}
{"timestamp":"2026-01-25T12:09:53.877070Z","level":"info","event":"Error processing job: UNIQUE constraint failed: jobs.id","logger":"task.stdout"}
{"timestamp":"2026-01-25T12:09:53.877157Z","level":"info","event":"Error processing job: UNIQUE constraint failed: jobs.id","logger":"task.stdout"}
{"timestamp":"2026-01-25T12:09:53.877201Z","level":"info","event":"Error processing job: UNIQUE constraint failed: jobs.id","logger":"task.stdout"}
{"timestamp":"2026-01-25T12:09:53.877292Z","level":"info","event":"Error processing job: UNIQUE constraint failed: jobs.id","logger":"task.stdout"}
{"timestamp":"2026-01-25T12:09:53.877351Z","level":"info","event":"Error processing job: UNIQUE constraint failed: jobs.id","logger":"task.stdout"}
{"timestamp":"2026-01-25T12:09:53.877386Z","level":"info","event":"Error processing job: UNIQUE constraint failed: jobs.id","logger":"task.stdout"}
{"timestamp":"2026-01-25T12:09:53.877427Z","level":"info","event":"Error processing job: UNIQUE constraint failed: jobs.id","logger":"task.stdout"}
{"timestamp":"2026-01-25T12:09:53.877481Z","level":"info","event":"Error processing job: UNIQUE constraint failed: jobs.id","logger":"task.stdout"}
{"timestamp":"2026-01-25T12:09:53.877525Z","level":"info","event":"Error processing job: UNIQUE constraint failed: jobs.id","logger":"task.stdout"}
{"timestamp":"2026-01-25T12:09:53.877564Z","level":"info","event":"Error processing job: UNIQUE constraint failed: jobs.id","logger":"task.stdout"}
{"timestamp":"2026-01-25T12:09:53.877599Z","level":"info","event":"Error processing job: UNIQUE constraint failed: jobs.id","logger":"task.stdout"}
{"timestamp":"2026-01-25T12:09:53.877630Z","level":"info","event":"Error processing job: UNIQUE constraint failed: jobs.id","logger":"task.stdout"}
{"timestamp":"2026-01-25T12:09:53.877659Z","level":"info","event":"Error processing job: UNIQUE constraint failed: jobs.id","logger":"task.stdout"}
{"timestamp":"2026-01-25T12:09:53.877687Z","level":"info","event":"Error processing job: UNIQUE constraint failed: jobs.id","logger":"task.stdout"}
{"timestamp":"2026-01-25T12:09:53.877715Z","level":"info","event":"Error processing job: UNIQUE constraint failed: jobs.id","logger":"task.stdout"}
{"timestamp":"2026-01-25T12:09:53.877744Z","level":"info","event":"Error processing job: UNIQUE constraint failed: jobs.id","logger":"task.stdout"}
{"timestamp":"2026-01-25T12:09:53.877772Z","level":"info","event":"Error processing job: UNIQUE constraint failed: jobs.id","logger":"task.stdout"}
{"timestamp":"2026-01-25T12:09:53.877806Z","level":"info","event":"Error processing job: UNIQUE constraint failed: jobs.id","logger":"task.stdout"}
{"timestamp":"2026-01-25T12:09:53.878152Z","level":"info","event":"Error processing job: UNIQUE constraint failed: jobs.id","logger":"task.stdout"}
{"timestamp":"2026-01-25T12:09:53.878201Z","level":"info","event":"Error processing job: UNIQUE constraint failed: jobs.id","logger":"task.stdout"}
{"timestamp":"2026-01-25T12:09:53.878291Z","level":"info","event":"Error processing job: UNIQUE constraint failed: jobs.id","logger":"task.stdout"}
{"timestamp":"2026-01-25T12:09:53.878362Z","level":"info","event":"Error processing job: UNIQUE constraint failed: jobs.id","logger":"task.stdout"}
{"timestamp":"2026-01-25T12:09:53.878461Z","level":"info","event":"Error processing job: UNIQUE constraint failed: jobs.id","logger":"task.stdout"}
{"timestamp":"2026-01-25T12:09:53.878551Z","level":"info","event":"Error processing job: UNIQUE constraint failed: jobs.id","logger":"task.stdout"}
{"timestamp":"2026-01-25T12:09:53.878585Z","level":"info","event":"Error processing job: UNIQUE constraint failed: jobs.id","logger":"task.stdout"}
{"timestamp":"2026-01-25T12:09:53.878614Z","level":"info","event":"Error processing job: UNIQUE constraint failed: jobs.id","logger":"task.stdout"}
{"timestamp":"2026-01-25T12:09:53.878643Z","level":"info","event":"Error processing job: UNIQUE constraint failed: jobs.id","logger":"task.stdout"}
{"timestamp":"2026-01-25T12:09:53.878693Z","level":"info","event":"Error processing job: UNIQUE constraint failed: jobs.id","logger":"task.stdout"}
{"timestamp":"2026-01-25T12:09:53.878723Z","level":"info","event":"Error processing job: UNIQUE constraint failed: jobs.id","logger":"task.stdout"}
{"timestamp":"2026-01-25T12:09:53.878754Z","level":"info","event":"Error processing job: UNIQUE constraint failed: jobs.id","logger":"task.stdout"}
{"timestamp":"2026-01-25T12:09:53.878783Z","level":"info","event":"Error processing job: UNIQUE constraint failed: jobs.id","logger":"task.stdout"}
{"timestamp":"2026-01-25T12:09:53.878812Z","level":"info","event":"Error processing job: UNIQUE constraint failed: jobs.id","logger":"task.stdout"}
{"timestamp":"2026-01-25T12:09:53.878843Z","level":"info","event":"Error processing job: UNIQUE constraint failed: jobs.id","logger":"task.stdout"}
{"timestamp":"2026-01-25T12:09:53.878874Z","level":"info","event":"Error processing job: UNIQUE constraint failed: jobs.id","logger":"task.stdout"}
{"timestamp":"2026-01-25T12:09:53.878902Z","level":"info","event":"Error processing job: UNIQUE constraint failed: jobs.id","logger":"task.stdout"}
{"timestamp":"2026-01-25T12:09:53.878930Z","level":"info","event":"Error processing job: UNIQUE constraint failed: jobs.id","logger":"task.stdout"}
{"timestamp":"2026-01-25T12:09:53.878957Z","level":"info","event":"Error processing job: UNIQUE constraint failed: jobs.id","logger":"task.stdout"}
{"timestamp":"2026-01-25T12:09:53.878984Z","level":"info","event":"Error processing job: UNIQUE constraint failed: jobs.id","logger":"task.stdout"}
{"timestamp":"2026-01-25T12:09:53.879011Z","level":"info","event":"Error processing job: UNIQUE constraint failed: jobs.id","logger":"task.stdout"}
{"timestamp":"2026-01-25T12:09:53.879039Z","level":"info","event":"Error processing job: UNIQUE constraint failed: jobs.id","logger":"task.stdout"}
{"timestamp":"2026-01-25T12:09:53.879066Z","level":"info","event":"Error processing job: UNIQUE constraint failed: jobs.id","logger":"task.stdout"}
{"timestamp":"2026-01-25T12:09:53.879093Z","level":"info","event":"Error processing job: UNIQUE constraint failed: jobs.id","logger":"task.stdout"}
{"timestamp":"2026-01-25T12:09:53.879122Z","level":"info","event":"Error processing job: UNIQUE constraint failed: jobs.id","logger":"task.stdout"}
{"timestamp":"2026-01-25T12:09:53.879150Z","level":"info","event":"Error processing job: UNIQUE constraint failed: jobs.id","logger":"task.stdout"}
{"timestamp":"2026-01-25T12:09:53.879177Z","level":"info","event":"Error processing job: UNIQUE constraint failed: jobs.id","logger":"task.stdout"}
{"timestamp":"2026-01-25T12:09:53.879204Z","level":"info","event":"Error processing job: UNIQUE constraint failed: jobs.id","logger":"task.stdout"}
{"timestamp":"2026-01-25T12:09:53.879231Z","level":"info","event":"Error processing job: UNIQUE constraint failed: jobs.id","logger":"task.stdout"}
{"timestamp":"2026-01-25T12:09:53.879258Z","level":"info","event":"Error processing job: UNIQUE constraint failed: jobs.id","logger":"task.stdout"}
{"timestamp":"2026-01-25T12:09:53.879287Z","level":"info","event":"Error processing job: UNIQUE constraint failed: jobs.id","logger":"task.stdout"}
{"timestamp":"2026-01-25T12:09:53.879328Z","level":"info","event":"Error processing job: UNIQUE constraint failed: jobs.id","logger":"task.stdout"}
{"timestamp":"2026-01-25T12:09:53.879358Z","level":"info","event":"Error processing job: UNIQUE constraint failed: jobs.id","logger":"task.stdout"}
{"timestamp":"2026-01-25T12:09:53.879386Z","level":"info","event":"Error processing job: UNIQUE constraint failed: jobs.id","logger":"task.stdout"}
{"timestamp":"2026-01-25T12:09:53.879413Z","level":"info","event":"Error processing job: UNIQUE constraint failed: jobs.id","logger":"task.stdout"}
{"timestamp":"2026-01-25T12:09:53.879441Z","level":"info","event":"Error processing job: UNIQUE constraint failed: jobs.id","logger":"task.stdout"}
{"timestamp":"2026-01-25T12:09:53.879468Z","level":"info","event":"Error processing job: UNIQUE constraint failed: jobs.id","logger":"task.stdout"}
{"timestamp":"2026-01-25T12:09:53.879512Z","level":"info","event":"Error processing job: UNIQUE constraint failed: jobs.id","logger":"task.stdout"}
{"timestamp":"2026-01-25T12:09:53.879539Z","level":"info","event":"Error processing job: UNIQUE constraint failed: jobs.id","logger":"task.stdout"}
{"timestamp":"2026-01-25T12:09:53.879567Z","level":"info","event":"Error processing job: UNIQUE constraint failed: jobs.id","logger":"task.stdout"}
{"timestamp":"2026-01-25T12:09:53.879595Z","level":"info","event":"Error processing job: UNIQUE constraint failed: jobs.id","logger":"task.stdout"}
{"timestamp":"2026-01-25T12:09:53.879622Z","level":"info","event":"Error processing job: UNIQUE constraint failed: jobs.id","logger":"task.stdout"}
{"timestamp":"2026-01-25T12:09:53.879649Z","level":"info","event":"Error processing job: UNIQUE constraint failed: jobs.id","logger":"task.stdout"}
{"timestamp":"2026-01-25T12:09:53.879676Z","level":"info","event":"Error processing job: UNIQUE constraint failed: jobs.id","logger":"task.stdout"}
{"timestamp":"2026-01-25T12:09:53.879703Z","level":"info","event":"Error processing job: UNIQUE constraint failed: jobs.id","logger":"task.stdout"}
{"timestamp":"2026-01-25T12:09:53.879730Z","level":"info","event":"Error processing job: UNIQUE constraint failed: jobs.id","logger":"task.stdout"}
{"timestamp":"2026-01-25T12:09:53.879756Z","level":"info","event":"Error processing job: UNIQUE constraint failed: jobs.id","logger":"task.stdout"}
{"timestamp":"2026-01-25T12:09:53.879783Z","level":"info","event":"Error processing job: UNIQUE constraint failed: jobs.id","logger":"task.stdout"}
{"timestamp":"2026-01-25T12:09:53.879810Z","level":"info","event":"Error processing job: UNIQUE constraint failed: jobs.id","logger":"task.stdout"}
{"timestamp":"2026-01-25T12:09:53.879840Z","level":"info","event":"Error processing job: UNIQUE constraint failed: jobs.id","logger":"task.stdout"}
{"timestamp":"2026-01-25T12:09:53.879868Z","level":"info","event":"Error processing job: UNIQUE constraint failed: jobs.id","logger":"task.stdout"}
{"timestamp":"2026-01-25T12:09:53.879895Z","level":"info","event":"Error processing job: UNIQUE constraint failed: jobs.id","logger":"task.stdout"}
{"timestamp":"2026-01-25T12:09:53.879921Z","level":"info","event":"Error processing job: UNIQUE constraint failed: jobs.id","logger":"task.stdout"}
{"timestamp":"2026-01-25T12:09:53.879948Z","level":"info","event":"Error processing job: UNIQUE constraint failed: jobs.id","logger":"task.stdout"}
{"timestamp":"2026-01-25T12:09:53.879974Z","level":"info","event":"Error processing job: UNIQUE constraint failed: jobs.id","logger":"task.stdout"}
{"timestamp":"2026-01-25T12:09:53.880001Z","level":"info","event":"Error processing job: UNIQUE constraint failed: jobs.id","logger":"task.stdout"}
{"timestamp":"2026-01-25T12:09:53.880030Z","level":"info","event":"Error processing job: UNIQUE constraint failed: jobs.id","logger":"task.stdout"}
{"timestamp":"2026-01-25T12:09:53.880057Z","level":"info","event":"Error processing job: UNIQUE constraint failed: jobs.id","logger":"task.stdout"}
{"timestamp":"2026-01-25T12:09:53.876231Z","level":"info","event":"Done. Returned value was: 0","logger":"airflow.task.operators.airflow.providers.standard.operators.python.PythonOperator","filename":"python.py","lineno":216}
{"timestamp":"2026-01-25T12:09:53.876348Z","level":"info","event":"Pushing xcom","ti":"RuntimeTaskInstance(id=UUID('019bf50e-c5f7-7f8c-8e7f-ece17f96918e'), task_id='scrape_remoteOK', dag_id='daily_job_scraper', run_id='scheduled__2026-01-25T02:00:00+00:00', try_number=1, dag_version_id=UUID('019bf50b-8394-7fc6-a3bf-4fae16332940'), map_index=-1, hostname='e21ef632bcdd', context_carrier={}, task=<Task(PythonOperator): scrape_remoteOK>, bundle_instance=LocalDagBundle(name=dags-folder), max_tries=2, start_date=datetime.datetime(2026, 1, 25, 12, 9, 5, 129974, tzinfo=datetime.timezone.utc), end_date=None, state=<TaskInstanceState.RUNNING: 'running'>, is_mapped=False, rendered_map_index=None)","logger":"task","filename":"task_runner.py","lineno":1450}
{"timestamp":"2026-01-25T12:09:53.884717Z","level":"info","event":"Error processing job: UNIQUE constraint failed: jobs.id","logger":"task.stdout"}
{"timestamp":"2026-01-25T12:09:53.884895Z","level":"info","event":"Error processing job: UNIQUE constraint failed: jobs.id","logger":"task.stdout"}
{"timestamp":"2026-01-25T12:09:53.884965Z","level":"info","event":"Error processing job: UNIQUE constraint failed: jobs.id","logger":"task.stdout"}
{"timestamp":"2026-01-25T12:09:53.885052Z","level":"info","event":"Error processing job: UNIQUE constraint failed: jobs.id","logger":"task.stdout"}
{"timestamp":"2026-01-25T12:09:53.885100Z","level":"info","event":"Error processing job: UNIQUE constraint failed: jobs.id","logger":"task.stdout"}
{"timestamp":"2026-01-25T12:09:53.885133Z","level":"info","event":"Error processing job: UNIQUE constraint failed: jobs.id","logger":"task.stdout"}
{"timestamp":"2026-01-25T12:09:53.885164Z","level":"info","event":"Error processing job: UNIQUE constraint failed: jobs.id","logger":"task.stdout"}
{"timestamp":"2026-01-25T12:09:53.885194Z","level":"info","event":"Error processing job: UNIQUE constraint failed: jobs.id","logger":"task.stdout"}
{"timestamp":"2026-01-25T12:09:53.885225Z","level":"info","event":"Error processing job: UNIQUE constraint failed: jobs.id","logger":"task.stdout"}
{"timestamp":"2026-01-25T12:09:53.885275Z","level":"info","event":"Error processing job: UNIQUE constraint failed: jobs.id","logger":"task.stdout"}
{"timestamp":"2026-01-25T12:09:53.885313Z","level":"info","event":"Error processing job: UNIQUE constraint failed: jobs.id","logger":"task.stdout"}
{"timestamp":"2026-01-25T12:09:53.885395Z","level":"info","event":"Successfully stored 0/99 RemoteOK jobs","logger":"task.stdout"}
{"timestamp":"2026-01-25T12:09:53.890756Z","level":"info","event":"Task instance in success state","logger":"task.stdout"}
{"timestamp":"2026-01-25T12:09:53.890847Z","level":"info","event":" Previous state of the Task instance: TaskInstanceState.RUNNING","logger":"task.stdout"}
{"timestamp":"2026-01-25T12:09:53.890928Z","level":"info","event":"Task operator:<Task(PythonOperator): scrape_remoteOK>","logger":"task.stdout"}
