{"timestamp":"2026-01-25T16:25:11.983289Z","level":"info","event":"DAG bundles loaded: dags-folder, example_dags","logger":"airflow.dag_processing.bundles.manager.DagBundlesManager","filename":"manager.py","lineno":179}
{"timestamp":"2026-01-25T16:25:11.983547Z","level":"info","event":"Filling up the DagBag from /opt/airflow/dags/daily_job_scraper.py","logger":"airflow.models.dagbag.DagBag","filename":"dagbag.py","lineno":593}
{"timestamp":"2026-01-25T16:25:11.995707Z","level":"warning","event":"The `airflow.operators.python.PythonOperator` attribute is deprecated. Please use `'airflow.providers.standard.operators.python.PythonOperator'`.","category":"DeprecatedImportWarning","filename":"/opt/airflow/dags/daily_job_scraper.py","lineno":2,"logger":"py.warnings"}
{"timestamp":"2026-01-25T16:25:12.008168Z","level":"info","event":"Task instance is in running state","logger":"task.stdout"}
{"timestamp":"2026-01-25T16:25:12.008255Z","level":"info","event":" Previous state of the Task instance: TaskInstanceState.QUEUED","logger":"task.stdout"}
{"timestamp":"2026-01-25T16:25:12.008306Z","level":"info","event":"Current task name:scrape_remoteOK","logger":"task.stdout"}
{"timestamp":"2026-01-25T16:25:12.008343Z","level":"info","event":"Dag name:daily_job_scraper","logger":"task.stdout"}
{"timestamp":"2026-01-25T16:25:12.009150Z","level":"info","event":"Starting RemoteOK scrape...","logger":"task.stdout"}
{"timestamp":"2026-01-25T16:25:14.543341Z","level":"info","event":"Fetched 99 raw jobs from RemoteOK","logger":"task.stdout"}
{"timestamp":"2026-01-25T16:25:14.552385Z","level":"info","event":"Error processing job: 2 validation errors for Job","logger":"task.stdout"}
{"timestamp":"2026-01-25T16:25:14.552869Z","level":"info","event":"description","logger":"task.stdout"}
{"timestamp":"2026-01-25T16:25:14.553179Z","level":"info","event":"  String should have at least 10 characters [type=string_too_short, input_value='', input_type=str]","logger":"task.stdout"}
{"timestamp":"2026-01-25T16:25:14.553633Z","level":"info","event":"    For further information visit https://errors.pydantic.dev/2.12/v/string_too_short","logger":"task.stdout"}
{"timestamp":"2026-01-25T16:25:14.553810Z","level":"info","event":"url","logger":"task.stdout"}
{"timestamp":"2026-01-25T16:25:14.553946Z","level":"info","event":"  Input should be a valid URL, input is empty [type=url_parsing, input_value='', input_type=str]","logger":"task.stdout"}
{"timestamp":"2026-01-25T16:25:14.554088Z","level":"info","event":"    For further information visit https://errors.pydantic.dev/2.12/v/url_parsing","logger":"task.stdout"}
{"timestamp":"2026-01-25T16:25:14.678343Z","level":"info","event":"Successfully stored 0/99 RemoteOK jobs","logger":"task.stdout"}
{"timestamp":"2026-01-25T16:25:14.678793Z","level":"info","event":"Done. Returned value was: 0","logger":"airflow.task.operators.airflow.providers.standard.operators.python.PythonOperator","filename":"python.py","lineno":216}
{"timestamp":"2026-01-25T16:25:14.679066Z","level":"info","event":"Pushing xcom","ti":"RuntimeTaskInstance(id=UUID('019bf5f9-3b74-7660-b676-244c00961835'), task_id='scrape_remoteOK', dag_id='daily_job_scraper', run_id='manual__2026-01-25T16:25:07+00:00', try_number=1, dag_version_id=UUID('019bf50b-8394-7fc6-a3bf-4fae16332940'), map_index=-1, hostname='fe4c596515e6', context_carrier={}, task=<Task(PythonOperator): scrape_remoteOK>, bundle_instance=LocalDagBundle(name=dags-folder), max_tries=2, start_date=datetime.datetime(2026, 1, 25, 16, 25, 10, 777293, tzinfo=datetime.timezone.utc), end_date=None, state=<TaskInstanceState.RUNNING: 'running'>, is_mapped=False, rendered_map_index=None)","logger":"task","filename":"task_runner.py","lineno":1450}
{"timestamp":"2026-01-25T16:25:14.693410Z","level":"info","event":"Task instance in success state","logger":"task.stdout"}
{"timestamp":"2026-01-25T16:25:14.693523Z","level":"info","event":" Previous state of the Task instance: TaskInstanceState.RUNNING","logger":"task.stdout"}
{"timestamp":"2026-01-25T16:25:14.693603Z","level":"info","event":"Task operator:<Task(PythonOperator): scrape_remoteOK>","logger":"task.stdout"}
