{"timestamp":"2026-01-28T08:36:23.843259Z","level":"info","event":"DAG bundles loaded: dags-folder","logger":"airflow.dag_processing.bundles.manager.DagBundlesManager","filename":"manager.py","lineno":179}
{"timestamp":"2026-01-28T08:36:23.843521Z","level":"info","event":"Filling up the DagBag from /opt/airflow/dags/daily_job_scraper.py","logger":"airflow.models.dagbag.DagBag","filename":"dagbag.py","lineno":593}
{"timestamp":"2026-01-28T08:36:24.294956Z","level":"warning","event":"The `airflow.operators.python.PythonOperator` attribute is deprecated. Please use `'airflow.providers.standard.operators.python.PythonOperator'`.","category":"DeprecatedImportWarning","filename":"/opt/airflow/dags/daily_job_scraper.py","lineno":2,"logger":"py.warnings"}
{"timestamp":"2026-01-28T08:36:24.309441Z","level":"info","event":"Starting RemoteOK scrape...","logger":"task.stdout"}
{"timestamp":"2026-01-28T08:36:26.570269Z","level":"info","event":"Fetched 100 raw jobs from RemoteOK","logger":"task.stdout"}
{"timestamp":"2026-01-28T08:36:26.577935Z","level":"info","event":"Error processing job: 2 validation errors for Job","logger":"task.stdout"}
{"timestamp":"2026-01-28T08:36:26.580132Z","level":"info","event":"description","logger":"task.stdout"}
{"timestamp":"2026-01-28T08:36:26.580338Z","level":"info","event":"  String should have at least 10 characters [type=string_too_short, input_value='', input_type=str]","logger":"task.stdout"}
{"timestamp":"2026-01-28T08:36:26.580513Z","level":"info","event":"    For further information visit https://errors.pydantic.dev/2.12/v/string_too_short","logger":"task.stdout"}
{"timestamp":"2026-01-28T08:36:26.581510Z","level":"info","event":"url","logger":"task.stdout"}
{"timestamp":"2026-01-28T08:36:26.582033Z","level":"info","event":"  Input should be a valid URL, input is empty [type=url_parsing, input_value='', input_type=str]","logger":"task.stdout"}
{"timestamp":"2026-01-28T08:36:26.582178Z","level":"info","event":"    For further information visit https://errors.pydantic.dev/2.12/v/url_parsing","logger":"task.stdout"}
{"timestamp":"2026-01-28T08:36:26.582325Z","level":"info","event":"Error processing job: 'HttpUrl' object has no attribute 'encode'","logger":"task.stdout"}
{"timestamp":"2026-01-28T08:36:26.582421Z","level":"info","event":"Error processing job: 'HttpUrl' object has no attribute 'encode'","logger":"task.stdout"}
{"timestamp":"2026-01-28T08:36:26.582517Z","level":"info","event":"Error processing job: 'HttpUrl' object has no attribute 'encode'","logger":"task.stdout"}
{"timestamp":"2026-01-28T08:36:26.582603Z","level":"info","event":"Error processing job: 'HttpUrl' object has no attribute 'encode'","logger":"task.stdout"}
{"timestamp":"2026-01-28T08:36:26.582696Z","level":"info","event":"Error processing job: 'HttpUrl' object has no attribute 'encode'","logger":"task.stdout"}
{"timestamp":"2026-01-28T08:36:26.582806Z","level":"info","event":"Error processing job: 'HttpUrl' object has no attribute 'encode'","logger":"task.stdout"}
{"timestamp":"2026-01-28T08:36:26.582890Z","level":"info","event":"Error processing job: 'HttpUrl' object has no attribute 'encode'","logger":"task.stdout"}
{"timestamp":"2026-01-28T08:36:26.582981Z","level":"info","event":"Error processing job: 'HttpUrl' object has no attribute 'encode'","logger":"task.stdout"}
{"timestamp":"2026-01-28T08:36:26.583062Z","level":"info","event":"Error processing job: 'HttpUrl' object has no attribute 'encode'","logger":"task.stdout"}
{"timestamp":"2026-01-28T08:36:26.583165Z","level":"info","event":"Error processing job: 'HttpUrl' object has no attribute 'encode'","logger":"task.stdout"}
{"timestamp":"2026-01-28T08:36:26.583273Z","level":"info","event":"Error processing job: 'HttpUrl' object has no attribute 'encode'","logger":"task.stdout"}
{"timestamp":"2026-01-28T08:36:26.583403Z","level":"info","event":"Error processing job: 'HttpUrl' object has no attribute 'encode'","logger":"task.stdout"}
{"timestamp":"2026-01-28T08:36:26.583511Z","level":"info","event":"Error processing job: 'HttpUrl' object has no attribute 'encode'","logger":"task.stdout"}
{"timestamp":"2026-01-28T08:36:26.583705Z","level":"info","event":"Error processing job: 'HttpUrl' object has no attribute 'encode'","logger":"task.stdout"}
{"timestamp":"2026-01-28T08:36:26.583813Z","level":"info","event":"Error processing job: 'HttpUrl' object has no attribute 'encode'","logger":"task.stdout"}
{"timestamp":"2026-01-28T08:36:26.583927Z","level":"info","event":"Error processing job: 'HttpUrl' object has no attribute 'encode'","logger":"task.stdout"}
{"timestamp":"2026-01-28T08:36:26.584030Z","level":"info","event":"Error processing job: 'HttpUrl' object has no attribute 'encode'","logger":"task.stdout"}
{"timestamp":"2026-01-28T08:36:26.584137Z","level":"info","event":"Error processing job: 'HttpUrl' object has no attribute 'encode'","logger":"task.stdout"}
{"timestamp":"2026-01-28T08:36:26.584245Z","level":"info","event":"Error processing job: 'HttpUrl' object has no attribute 'encode'","logger":"task.stdout"}
{"timestamp":"2026-01-28T08:36:26.584354Z","level":"info","event":"Error processing job: 'HttpUrl' object has no attribute 'encode'","logger":"task.stdout"}
{"timestamp":"2026-01-28T08:36:26.584484Z","level":"info","event":"Error processing job: 'HttpUrl' object has no attribute 'encode'","logger":"task.stdout"}
{"timestamp":"2026-01-28T08:36:26.584593Z","level":"info","event":"Error processing job: 'HttpUrl' object has no attribute 'encode'","logger":"task.stdout"}
{"timestamp":"2026-01-28T08:36:26.584696Z","level":"info","event":"Error processing job: 'HttpUrl' object has no attribute 'encode'","logger":"task.stdout"}
{"timestamp":"2026-01-28T08:36:26.584795Z","level":"info","event":"Error processing job: 'HttpUrl' object has no attribute 'encode'","logger":"task.stdout"}
{"timestamp":"2026-01-28T08:36:26.584882Z","level":"info","event":"Error processing job: 'HttpUrl' object has no attribute 'encode'","logger":"task.stdout"}
{"timestamp":"2026-01-28T08:36:26.585023Z","level":"info","event":"Error processing job: 'HttpUrl' object has no attribute 'encode'","logger":"task.stdout"}
{"timestamp":"2026-01-28T08:36:26.585124Z","level":"info","event":"Error processing job: 'HttpUrl' object has no attribute 'encode'","logger":"task.stdout"}
{"timestamp":"2026-01-28T08:36:26.585198Z","level":"info","event":"Error processing job: 'HttpUrl' object has no attribute 'encode'","logger":"task.stdout"}
{"timestamp":"2026-01-28T08:36:26.585272Z","level":"info","event":"Error processing job: 'HttpUrl' object has no attribute 'encode'","logger":"task.stdout"}
{"timestamp":"2026-01-28T08:36:26.585345Z","level":"info","event":"Error processing job: 'HttpUrl' object has no attribute 'encode'","logger":"task.stdout"}
{"timestamp":"2026-01-28T08:36:26.585488Z","level":"info","event":"Error processing job: 'HttpUrl' object has no attribute 'encode'","logger":"task.stdout"}
{"timestamp":"2026-01-28T08:36:26.585570Z","level":"info","event":"Error processing job: 'HttpUrl' object has no attribute 'encode'","logger":"task.stdout"}
{"timestamp":"2026-01-28T08:36:26.585679Z","level":"info","event":"Error processing job: 'HttpUrl' object has no attribute 'encode'","logger":"task.stdout"}
{"timestamp":"2026-01-28T08:36:26.585794Z","level":"info","event":"Error processing job: 'HttpUrl' object has no attribute 'encode'","logger":"task.stdout"}
{"timestamp":"2026-01-28T08:36:26.585922Z","level":"info","event":"Error processing job: 'HttpUrl' object has no attribute 'encode'","logger":"task.stdout"}
{"timestamp":"2026-01-28T08:36:26.586077Z","level":"info","event":"Error processing job: 'HttpUrl' object has no attribute 'encode'","logger":"task.stdout"}
{"timestamp":"2026-01-28T08:36:26.586152Z","level":"info","event":"Error processing job: 'HttpUrl' object has no attribute 'encode'","logger":"task.stdout"}
{"timestamp":"2026-01-28T08:36:26.586252Z","level":"info","event":"Error processing job: 'HttpUrl' object has no attribute 'encode'","logger":"task.stdout"}
{"timestamp":"2026-01-28T08:36:26.586369Z","level":"info","event":"Error processing job: 'HttpUrl' object has no attribute 'encode'","logger":"task.stdout"}
{"timestamp":"2026-01-28T08:36:26.586586Z","level":"info","event":"Error processing job: 'HttpUrl' object has no attribute 'encode'","logger":"task.stdout"}
{"timestamp":"2026-01-28T08:36:26.586695Z","level":"info","event":"Error processing job: 'HttpUrl' object has no attribute 'encode'","logger":"task.stdout"}
{"timestamp":"2026-01-28T08:36:26.586802Z","level":"info","event":"Error processing job: 'HttpUrl' object has no attribute 'encode'","logger":"task.stdout"}
{"timestamp":"2026-01-28T08:36:26.586887Z","level":"info","event":"Error processing job: 'HttpUrl' object has no attribute 'encode'","logger":"task.stdout"}
{"timestamp":"2026-01-28T08:36:26.586974Z","level":"info","event":"Error processing job: 'HttpUrl' object has no attribute 'encode'","logger":"task.stdout"}
{"timestamp":"2026-01-28T08:36:26.587065Z","level":"info","event":"Error processing job: 'HttpUrl' object has no attribute 'encode'","logger":"task.stdout"}
{"timestamp":"2026-01-28T08:36:26.587163Z","level":"info","event":"Error processing job: 'HttpUrl' object has no attribute 'encode'","logger":"task.stdout"}
{"timestamp":"2026-01-28T08:36:26.587266Z","level":"info","event":"Error processing job: 'HttpUrl' object has no attribute 'encode'","logger":"task.stdout"}
{"timestamp":"2026-01-28T08:36:26.587349Z","level":"info","event":"Error processing job: 'HttpUrl' object has no attribute 'encode'","logger":"task.stdout"}
{"timestamp":"2026-01-28T08:36:26.587472Z","level":"info","event":"Error processing job: 'HttpUrl' object has no attribute 'encode'","logger":"task.stdout"}
{"timestamp":"2026-01-28T08:36:26.587588Z","level":"info","event":"Error processing job: 'HttpUrl' object has no attribute 'encode'","logger":"task.stdout"}
{"timestamp":"2026-01-28T08:36:26.587681Z","level":"info","event":"Error processing job: 'HttpUrl' object has no attribute 'encode'","logger":"task.stdout"}
{"timestamp":"2026-01-28T08:36:26.587760Z","level":"info","event":"Error processing job: 'HttpUrl' object has no attribute 'encode'","logger":"task.stdout"}
{"timestamp":"2026-01-28T08:36:26.587837Z","level":"info","event":"Error processing job: 'HttpUrl' object has no attribute 'encode'","logger":"task.stdout"}
{"timestamp":"2026-01-28T08:36:26.587921Z","level":"info","event":"Error processing job: 'HttpUrl' object has no attribute 'encode'","logger":"task.stdout"}
{"timestamp":"2026-01-28T08:36:26.588006Z","level":"info","event":"Error processing job: 'HttpUrl' object has no attribute 'encode'","logger":"task.stdout"}
{"timestamp":"2026-01-28T08:36:26.588091Z","level":"info","event":"Error processing job: 'HttpUrl' object has no attribute 'encode'","logger":"task.stdout"}
{"timestamp":"2026-01-28T08:36:26.588175Z","level":"info","event":"Error processing job: 'HttpUrl' object has no attribute 'encode'","logger":"task.stdout"}
{"timestamp":"2026-01-28T08:36:26.588258Z","level":"info","event":"Error processing job: 'HttpUrl' object has no attribute 'encode'","logger":"task.stdout"}
{"timestamp":"2026-01-28T08:36:26.588342Z","level":"info","event":"Error processing job: 'HttpUrl' object has no attribute 'encode'","logger":"task.stdout"}
{"timestamp":"2026-01-28T08:36:26.588441Z","level":"info","event":"Error processing job: 'HttpUrl' object has no attribute 'encode'","logger":"task.stdout"}
{"timestamp":"2026-01-28T08:36:26.588525Z","level":"info","event":"Error processing job: 'HttpUrl' object has no attribute 'encode'","logger":"task.stdout"}
{"timestamp":"2026-01-28T08:36:26.588620Z","level":"info","event":"Error processing job: 'HttpUrl' object has no attribute 'encode'","logger":"task.stdout"}
{"timestamp":"2026-01-28T08:36:26.588710Z","level":"info","event":"Error processing job: 'HttpUrl' object has no attribute 'encode'","logger":"task.stdout"}
{"timestamp":"2026-01-28T08:36:26.588804Z","level":"info","event":"Error processing job: 'HttpUrl' object has no attribute 'encode'","logger":"task.stdout"}
{"timestamp":"2026-01-28T08:36:26.588894Z","level":"info","event":"Error processing job: 'HttpUrl' object has no attribute 'encode'","logger":"task.stdout"}
{"timestamp":"2026-01-28T08:36:26.589117Z","level":"info","event":"Error processing job: 'HttpUrl' object has no attribute 'encode'","logger":"task.stdout"}
{"timestamp":"2026-01-28T08:36:26.589307Z","level":"info","event":"Error processing job: 'HttpUrl' object has no attribute 'encode'","logger":"task.stdout"}
{"timestamp":"2026-01-28T08:36:26.589414Z","level":"info","event":"Error processing job: 'HttpUrl' object has no attribute 'encode'","logger":"task.stdout"}
{"timestamp":"2026-01-28T08:36:26.589508Z","level":"info","event":"Error processing job: 'HttpUrl' object has no attribute 'encode'","logger":"task.stdout"}
{"timestamp":"2026-01-28T08:36:26.589597Z","level":"info","event":"Error processing job: 'HttpUrl' object has no attribute 'encode'","logger":"task.stdout"}
{"timestamp":"2026-01-28T08:36:26.589689Z","level":"info","event":"Error processing job: 'HttpUrl' object has no attribute 'encode'","logger":"task.stdout"}
{"timestamp":"2026-01-28T08:36:26.589775Z","level":"info","event":"Error processing job: 'HttpUrl' object has no attribute 'encode'","logger":"task.stdout"}
{"timestamp":"2026-01-28T08:36:26.589864Z","level":"info","event":"Error processing job: 'HttpUrl' object has no attribute 'encode'","logger":"task.stdout"}
{"timestamp":"2026-01-28T08:36:26.589974Z","level":"info","event":"Error processing job: 'HttpUrl' object has no attribute 'encode'","logger":"task.stdout"}
{"timestamp":"2026-01-28T08:36:26.590065Z","level":"info","event":"Error processing job: 'HttpUrl' object has no attribute 'encode'","logger":"task.stdout"}
{"timestamp":"2026-01-28T08:36:26.590155Z","level":"info","event":"Error processing job: 'HttpUrl' object has no attribute 'encode'","logger":"task.stdout"}
{"timestamp":"2026-01-28T08:36:26.590252Z","level":"info","event":"Error processing job: 'HttpUrl' object has no attribute 'encode'","logger":"task.stdout"}
{"timestamp":"2026-01-28T08:36:26.590339Z","level":"info","event":"Error processing job: 'HttpUrl' object has no attribute 'encode'","logger":"task.stdout"}
{"timestamp":"2026-01-28T08:36:26.590414Z","level":"info","event":"Error processing job: 'HttpUrl' object has no attribute 'encode'","logger":"task.stdout"}
{"timestamp":"2026-01-28T08:36:26.590497Z","level":"info","event":"Error processing job: 'HttpUrl' object has no attribute 'encode'","logger":"task.stdout"}
{"timestamp":"2026-01-28T08:36:26.590652Z","level":"info","event":"Error processing job: 'HttpUrl' object has no attribute 'encode'","logger":"task.stdout"}
{"timestamp":"2026-01-28T08:36:26.590808Z","level":"info","event":"Error processing job: 'HttpUrl' object has no attribute 'encode'","logger":"task.stdout"}
{"timestamp":"2026-01-28T08:36:26.590901Z","level":"info","event":"Error processing job: 'HttpUrl' object has no attribute 'encode'","logger":"task.stdout"}
{"timestamp":"2026-01-28T08:36:26.590983Z","level":"info","event":"Error processing job: 'HttpUrl' object has no attribute 'encode'","logger":"task.stdout"}
{"timestamp":"2026-01-28T08:36:26.591060Z","level":"info","event":"Error processing job: 'HttpUrl' object has no attribute 'encode'","logger":"task.stdout"}
{"timestamp":"2026-01-28T08:36:26.591135Z","level":"info","event":"Error processing job: 'HttpUrl' object has no attribute 'encode'","logger":"task.stdout"}
{"timestamp":"2026-01-28T08:36:26.591209Z","level":"info","event":"Error processing job: 'HttpUrl' object has no attribute 'encode'","logger":"task.stdout"}
{"timestamp":"2026-01-28T08:36:26.591287Z","level":"info","event":"Error processing job: 'HttpUrl' object has no attribute 'encode'","logger":"task.stdout"}
{"timestamp":"2026-01-28T08:36:26.591371Z","level":"info","event":"Error processing job: 'HttpUrl' object has no attribute 'encode'","logger":"task.stdout"}
{"timestamp":"2026-01-28T08:36:26.591454Z","level":"info","event":"Error processing job: 'HttpUrl' object has no attribute 'encode'","logger":"task.stdout"}
{"timestamp":"2026-01-28T08:36:26.591528Z","level":"info","event":"Error processing job: 'HttpUrl' object has no attribute 'encode'","logger":"task.stdout"}
{"timestamp":"2026-01-28T08:36:26.591617Z","level":"info","event":"Error processing job: 'HttpUrl' object has no attribute 'encode'","logger":"task.stdout"}
{"timestamp":"2026-01-28T08:36:26.591742Z","level":"info","event":"Error processing job: 'HttpUrl' object has no attribute 'encode'","logger":"task.stdout"}
{"timestamp":"2026-01-28T08:36:26.581062Z","level":"info","event":"Done. Returned value was: 0","logger":"airflow.task.operators.airflow.providers.standard.operators.python.PythonOperator","filename":"python.py","lineno":216}
{"timestamp":"2026-01-28T08:36:26.581488Z","level":"info","event":"Pushing xcom","ti":"RuntimeTaskInstance(id=UUID('019c03bf-1dac-7d78-ab94-6f78106753c2'), task_id='scrape_remoteOK', dag_id='daily_job_scraper', run_id='manual__2026-01-28T08:36:21+00:00', try_number=1, dag_version_id=UUID('019c039b-c90a-767d-b093-39b305da3a33'), map_index=-1, hostname='572b82abceef', context_carrier={}, task=<Task(PythonOperator): scrape_remoteOK>, bundle_instance=LocalDagBundle(name=dags-folder), max_tries=2, start_date=datetime.datetime(2026, 1, 28, 8, 36, 23, 154311, tzinfo=datetime.timezone.utc), end_date=None, state=<TaskInstanceState.RUNNING: 'running'>, is_mapped=False, rendered_map_index=None)","logger":"task","filename":"task_runner.py","lineno":1450}
{"timestamp":"2026-01-28T08:36:26.603546Z","level":"info","event":"Error processing job: 'HttpUrl' object has no attribute 'encode'","logger":"task.stdout"}
{"timestamp":"2026-01-28T08:36:26.603678Z","level":"info","event":"Error processing job: 'HttpUrl' object has no attribute 'encode'","logger":"task.stdout"}
{"timestamp":"2026-01-28T08:36:26.603741Z","level":"info","event":"Error processing job: 'HttpUrl' object has no attribute 'encode'","logger":"task.stdout"}
{"timestamp":"2026-01-28T08:36:26.603792Z","level":"info","event":"Error processing job: 'HttpUrl' object has no attribute 'encode'","logger":"task.stdout"}
{"timestamp":"2026-01-28T08:36:26.603835Z","level":"info","event":"Error processing job: 'HttpUrl' object has no attribute 'encode'","logger":"task.stdout"}
{"timestamp":"2026-01-28T08:36:26.603877Z","level":"info","event":"Error processing job: 'HttpUrl' object has no attribute 'encode'","logger":"task.stdout"}
{"timestamp":"2026-01-28T08:36:26.603918Z","level":"info","event":"Successfully stored 0/100 RemoteOK jobs","logger":"task.stdout"}
